Sat May 17 11:44:45 CEST 2025
156  F: 215
48  F: 243
169  F: 227
158  F: 225
4  F: 228
158  F: 224
157  F: 231
170  F: 226
0-27.0,1-25.0,2-29.0,3-27.0,4-27.0,5-34.0,6-25.0,7-26.0
Sat May 17 11:45:15 CEST 2025
41  F: 119
47  F: 112
71  F: 12
86  F: 77
67  F: 107
68  F: 76
68  F: 93
86  F: 85
81  F: 54
37  F: 48
87  F: 46
87  F: 44
0-29.0,1-30.0,2-32.0,3-30.0,4-29.0,5-30.0,6-28.0,7-29.0
Sat May 17 11:45:45 CEST 2025
346  F: 136
355  F: 119
336  F: 112
220  F: 12
238  F: 77
119  F: 107
357  F: 76
217  F: 93
181  F: 90
359  F: 85
348  F: 54
263  F: 48
263  F: 46
359  F: 44
0-27.0,1-31.0,2-31.0,3-30.0,4-34.0,5-28.0,6-25.0,7-36.0
Sat May 17 11:46:15 CEST 2025
402  F: 136
598  F: 119
623  F: 112
468  F: 12
566  F: 77
442  F: 107
621  F: 76
269  F: 93
599  F: 90
617  F: 85
625  F: 54
586  F: 48
319  F: 46
465  F: 44
0-28.0,1-33.0,2-32.0,3-34.0,4-29.0,5-33.0,6-36.0,7-30.0
Sat May 17 11:46:45 CEST 2025
820  F: 136
848  F: 119
898  F: 112
859  F: 12
717  F: 77
444  F: 107
786  F: 76
741  F: 93
821  F: 90
885  F: 85
637  F: 54
866  F: 48
877  F: 46
480  F: 44
0-35.0,1-35.0,2-47.0,3-32.0,4-37.0,5-33.0,6-31.0,7-29.0
Sat May 17 11:47:16 CEST 2025
864  F: 136
1067  F: 119
1043  F: 112
1161  F: 12
1129  F: 77
471  F: 107
1001  F: 76
1142  F: 93
1166  F: 90
1152  F: 85
1126  F: 54
1172  F: 48
889  F: 46
480  F: 44
0-25.0,1-26.0,2-26.0,3-26.0,4-24.0,5-26.0,6-23.0,7-24.0
Sat May 17 11:47:46 CEST 2025
1437  F: 136
1445  F: 119
1321  F: 112
1193  F: 12
1430  F: 77
471  F: 107
1404  F: 76
1444  F: 93
1221  F: 90
1349  F: 85
1126  F: 54
1293  F: 48
905  F: 46
480  F: 44
0-40.0,1-42.0,2-46.0,3-32.0,4-32.0,5-33.0,6-28.0,7-30.0
Sat May 17 11:48:16 CEST 2025
1686  F: 136
1711  F: 119
1603  F: 112
1218  F: 12
1593  F: 77
471  F: 107
1690  F: 76
1711  F: 93
1575  F: 90
1349  F: 85
1126  F: 54
1673  F: 48
1655  F: 46
539  F: 44
0-28.0,1-28.0,2-30.0,3-27.0,4-26.0,5-29.0,6-25.0,7-27.0
Sat May 17 11:48:46 CEST 2025
1938  F: 136
1882  F: 119
1767  F: 112
1766  F: 12
1597  F: 77
1912  F: 107
1947  F: 76
1987  F: 93
1937  F: 90
1349  F: 85
1126  F: 54
1989  F: 48
1732  F: 46
834  F: 44
0-26.0,1-26.0,2-29.0,3-31.0,4-26.0,5-29.0,6-30.0,7-27.0
Sat May 17 11:49:17 CEST 2025
2261  F: 136
2008  F: 119
1795  F: 112
1768  F: 12
1597  F: 77
2236  F: 107
2237  F: 76
2249  F: 93
2002  F: 90
1417  F: 85
2196  F: 54
2240  F: 48
1739  F: 46
984  F: 44
0-24.0,1-25.0,2-26.0,3-25.0,4-23.0,5-25.0,6-23.0,7-23.0
Sat May 17 11:49:47 CEST 2025
2300  F: 136
2018  F: 119
1820  F: 112
2520  F: 12
1597  F: 77
2355  F: 107
2534  F: 76
2527  F: 93
2316  F: 90
1721  F: 85
2534  F: 54
2490  F: 48
2534  F: 46
1322  F: 44
0-33.0,1-29.0,2-38.0,3-33.0,4-32.0,5-36.0,6-32.0,7-32.0
Sat May 17 11:50:17 CEST 2025
2300  F: 136
2612  F: 119
2630  F: 112
2724  F: 12
1612  F: 77
2355  F: 107
2741  F: 76
2669  F: 93
2753  F: 90
1991  F: 85
2805  F: 54
2805  F: 48
2797  F: 46
1662  F: 44
0-31.0,1-31.0,2-34.0,3-39.0,4-34.0,5-31.0,6-38.0,7-32.0
Sat May 17 11:50:47 CEST 2025
2351  F: 136
2622  F: 119
2658  F: 112
2741  F: 12
1612  F: 77
2372  F: 107
2908  F: 76
2974  F: 93
2977  F: 90
2246  F: 85
3003  F: 54
3024  F: 48
3075  F: 46
1935  F: 44
0-27.0,1-26.0,2-28.0,3-26.0,4-29.0,5-27.0,6-28.0,7-28.0
Sat May 17 11:51:17 CEST 2025
2351  F: 136
2638  F: 119
2666  F: 112
3341  F: 12
1653  F: 77
2372  F: 107
2915  F: 76
3350  F: 93
3339  F: 90
2252  F: 85
3248  F: 54
3242  F: 48
3270  F: 46
2184  F: 44
0-28.0,1-26.0,2-31.0,3-27.0,4-28.0,5-28.0,6-29.0,7-25.0
Sat May 17 11:51:48 CEST 2025
2353  F: 136
2638  F: 119
3577  F: 112
3621  F: 12
1658  F: 77
2372  F: 107
2930  F: 76
3600  F: 93
3422  F: 90
2252  F: 85
3616  F: 54
3258  F: 48
3623  F: 46
2479  F: 44
0-24.0,1-26.0,2-29.0,3-26.0,4-24.0,5-25.0,6-23.0,7-28.0
Sat May 17 11:52:18 CEST 2025
3885  F: 136
2638  F: 119
3577  F: 112
3790  F: 12
2210  F: 77
2420  F: 107
2930  F: 76
3891  F: 93
3438  F: 90
2252  F: 85
3890  F: 54
3270  F: 48
3824  F: 46
2682  F: 44
0-30.0,1-26.0,2-28.0,3-28.0,4-24.0,5-25.0,6-25.0,7-25.0
Sat May 17 11:52:48 CEST 2025
4164  F: 136
2638  F: 119
3582  F: 112
3804  F: 12
2315  F: 77
2715  F: 107
2930  F: 76
4165  F: 93
3477  F: 90
2252  F: 85
4165  F: 54
3270  F: 48
3824  F: 46
3019  F: 44
0-36.0,1-51.0,2-33.0,3-40.0,4-30.0,5-34.0,6-27.0,7-29.0
Sat May 17 11:53:18 CEST 2025
4414  F: 136
2738  F: 119
3582  F: 112
4427  F: 12
2655  F: 77
2971  F: 107
3045  F: 76
4365  F: 93
4145  F: 90
2315  F: 85
4330  F: 54
3387  F: 48
4436  F: 46
3078  F: 44
0-29.0,1-27.0,2-33.0,3-31.0,4-28.0,5-30.0,6-31.0,7-28.0
Sat May 17 11:53:49 CEST 2025
4698  F: 136
2985  F: 119
3598  F: 112
4512  F: 12
2714  F: 77
3303  F: 107
3307  F: 76
4699  F: 93
4145  F: 90
3078  F: 85
4337  F: 54
3589  F: 48
4590  F: 46
3082  F: 44
0-24.0,1-24.0,2-26.0,3-24.0,4-23.0,5-25.0,6-25.0,7-23.0
Sat May 17 11:54:19 CEST 2025
4860  F: 136
3291  F: 119
3598  F: 112
4537  F: 12
3170  F: 77
3440  F: 107
3584  F: 76
4755  F: 93
4225  F: 90
3406  F: 85
4340  F: 54
3930  F: 48
4954  F: 46
3102  F: 44
0-30.0,1-28.0,2-29.0,3-29.0,4-27.0,5-28.0,6-30.0,7-27.0
Sat May 17 11:54:49 CEST 2025
5168  F: 136
3542  F: 119
3598  F: 112
4996  F: 12
3625  F: 77
3472  F: 107
3789  F: 76
5172  F: 93
4233  F: 90
3546  F: 85
4341  F: 54
4041  F: 48
5216  F: 46
3102  F: 44
0-28.0,1-29.0,2-31.0,3-31.0,4-27.0,5-30.0,6-25.0,7-26.0
Sat May 17 11:55:19 CEST 2025
5324  F: 136
3841  F: 119
3722  F: 112
5480  F: 12
3717  F: 77
3946  F: 107
4112  F: 76
5465  F: 93
4240  F: 90
3569  F: 85
4369  F: 54
4203  F: 48
5435  F: 46
3205  F: 44
0-34.0,1-28.0,2-35.0,3-35.0,4-33.0,5-34.0,6-47.0,7-35.0
Sat May 17 11:55:50 CEST 2025
5333  F: 136
3993  F: 119
3889  F: 112
5672  F: 12
3987  F: 77
4117  F: 107
4131  F: 76
5696  F: 93
4270  F: 90
4022  F: 85
4369  F: 54
4204  F: 48
5679  F: 46
3262  F: 44
0-25.0,1-27.0,2-26.0,3-27.0,4-26.0,5-26.0,6-29.0,7-25.0
Sat May 17 11:56:20 CEST 2025
5333  F: 136
3993  F: 119
3889  F: 112
5672  F: 12
3987  F: 77
4117  F: 107
4131  F: 76
5696  F: 93
4270  F: 90
4022  F: 85
4369  F: 54
4204  F: 48
5679  F: 46
3262  F: 44
0-27.0,1-26.0,2-31.0,3-27.0,4-28.0,5-29.0,6-25.0,7-28.0
Sat May 17 11:56:50 CEST 2025
5333  F: 136
3993  F: 119
3889  F: 112
5672  F: 12
3987  F: 77
4117  F: 107
4131  F: 76
5696  F: 93
4270  F: 90
4022  F: 85
4369  F: 54
4204  F: 48
5679  F: 46
3262  F: 44
0-28.0,1-24.0,2-27.0,3-25.0,4-26.0,5-29.0,6-24.0,7-24.0
Sat May 17 11:57:20 CEST 2025
5422  F: 136
4035  F: 119
3889  F: 112
5739  F: 12
4083  F: 77
4154  F: 107
4209  F: 76
5736  F: 93
4270  F: 90
4103  F: 85
4369  F: 54
4300  F: 48
5803  F: 46
3356  F: 44
0-26.0,1-27.0,2-27.0,3-25.0,4-25.0,5-26.0,6-24.0,7-24.0
Sat May 17 11:57:50 CEST 2025
5734  F: 136
4057  F: 119
3889  F: 112
5955  F: 12
4385  F: 77
4482  F: 107
4494  F: 76
5774  F: 93
4310  F: 90
4202  F: 85
4430  F: 54
4607  F: 48
5971  F: 46
3442  F: 44
0-28.0,1-31.0,2-29.0,3-29.0,4-27.0,5-29.0,6-27.0,7-29.0
Sat May 17 11:58:21 CEST 2025
5846  F: 136
4666  F: 119
3948  F: 112
6145  F: 12
4505  F: 77
4485  F: 107
4760  F: 76
5774  F: 93
4869  F: 90
4581  F: 85
4433  F: 54
4869  F: 48
5971  F: 46
3802  F: 44
0-27.0,1-29.0,2-29.0,3-29.0,4-27.0,5-29.0,6-28.0,7-27.0
Sat May 17 11:58:51 CEST 2025
6264  F: 136
4813  F: 119
4602  F: 112
6172  F: 12
4782  F: 77
5036  F: 107
5022  F: 76
5777  F: 93
4931  F: 90
4586  F: 85
4741  F: 54
5105  F: 48
5971  F: 46
3815  F: 44
0-31.0,1-28.0,2-33.0,3-31.0,4-36.0,5-34.0,6-50.0,7-33.0
Sat May 17 11:59:21 CEST 2025
6487  F: 136
4855  F: 119
5006  F: 112
6643  F: 12
5115  F: 77
5062  F: 107
5034  F: 76
5777  F: 93
5481  F: 90
5241  F: 85
5330  F: 54
5425  F: 48
5986  F: 46
4327  F: 44
0-30.0,1-29.0,2-30.0,3-29.0,4-30.0,5-28.0,6-26.0,7-27.0
Sat May 17 11:59:51 CEST 2025
6803  F: 136
4856  F: 119
5050  F: 112
6648  F: 12
5308  F: 77
5091  F: 107
5591  F: 76
7128  F: 93
5758  F: 90
5483  F: 85
5330  F: 54
5606  F: 48
5986  F: 46
4366  F: 44
0-25.0,1-26.0,2-27.0,3-27.0,4-24.0,5-27.0,6-24.0,7-25.0
Sat May 17 12:00:21 CEST 2025
6834  F: 136
5026  F: 119
5650  F: 112
6648  F: 12
5674  F: 77
5840  F: 107
5813  F: 76
7435  F: 93
6009  F: 90
5786  F: 85
5398  F: 54
5609  F: 48
6110  F: 46
4824  F: 44
0-29.0,1-37.0,2-32.0,3-31.0,4-29.0,5-32.0,6-28.0,7-35.0
Sat May 17 12:00:52 CEST 2025
6850  F: 136
5936  F: 119
5922  F: 112
6648  F: 12
6022  F: 77
5931  F: 107
5861  F: 76
7629  F: 93
6305  F: 90
6012  F: 85
5426  F: 54
5609  F: 48
6369  F: 46
5224  F: 44
0-27.0,1-28.0,2-29.0,3-27.0,4-26.0,5-29.0,6-25.0,7-27.0
Sat May 17 12:01:22 CEST 2025
6866  F: 136
6182  F: 119
6167  F: 112
6729  F: 12
6156  F: 77
5973  F: 107
6269  F: 76
7662  F: 93
6578  F: 90
6279  F: 85
5441  F: 54
5610  F: 48
6570  F: 46
5503  F: 44
0-42.0,1-38.0,2-48.0,3-61.0,4-41.0,5-60.0,6-31.0,7-37.0
Sat May 17 12:01:52 CEST 2025
6866  F: 136
6456  F: 119
6407  F: 112
6758  F: 12
6561  F: 77
6488  F: 107
6482  F: 76
8103  F: 93
6844  F: 90
6600  F: 85
5487  F: 54
5613  F: 48
6806  F: 46
5753  F: 44
0-29.0,1-31.0,2-30.0,3-34.0,4-27.0,5-29.0,6-25.0,7-26.0
Sat May 17 12:02:22 CEST 2025
6866  F: 136
6841  F: 119
6738  F: 112
7065  F: 12
6827  F: 77
6488  F: 107
6552  F: 76
8493  F: 93
7068  F: 90
6862  F: 85
5494  F: 54
5631  F: 48
7085  F: 46
5793  F: 44
0-29.0,1-29.0,2-34.0,3-30.0,4-35.0,5-40.0,6-30.0,7-30.0
Sat May 17 12:02:53 CEST 2025
6866  F: 136
7103  F: 119
6769  F: 112
7611  F: 12
7063  F: 77
6488  F: 107
7206  F: 76
8723  F: 93
7308  F: 90
7113  F: 85
6700  F: 54
5631  F: 48
7442  F: 46
5850  F: 44
0-43.0,1-37.0,2-40.0,3-42.0,4-32.0,5-44.0,6-29.0,7-32.0
Sat May 17 12:03:23 CEST 2025
6961  F: 136
7162  F: 119
6769  F: 112
7805  F: 12
7369  F: 77
6503  F: 107
7496  F: 76
9077  F: 93
7623  F: 90
7416  F: 85
7096  F: 54
5783  F: 48
7725  F: 46
6599  F: 44
0-30.0,1-28.0,2-33.0,3-32.0,4-32.0,5-32.0,6-28.0,7-26.0
Sat May 17 12:03:53 CEST 2025
6962  F: 136
7625  F: 119
6769  F: 112
8111  F: 12
7480  F: 77
6503  F: 107
7639  F: 76
9364  F: 93
7930  F: 90
7689  F: 85
7237  F: 54
5857  F: 48
8004  F: 46
6619  F: 44
0-31.0,1-30.0,2-33.0,3-32.0,4-37.0,5-34.0,6-33.0,7-30.0
Sat May 17 12:04:23 CEST 2025
7313  F: 136
7926  F: 119
6784  F: 112
8384  F: 12
7807  F: 77
6635  F: 107
8041  F: 76
9631  F: 93
8204  F: 90
7901  F: 85
7291  F: 54
6256  F: 48
8171  F: 46
7141  F: 44
0-29.0,1-28.0,2-33.0,3-34.0,4-31.0,5-33.0,6-30.0,7-30.0
Sat May 17 12:04:54 CEST 2025
7735  F: 136
8099  F: 119
6784  F: 112
8582  F: 12
8176  F: 77
6939  F: 107
8192  F: 76
9773  F: 93
8447  F: 90
7905  F: 85
7820  F: 54
6600  F: 48
8171  F: 46
7410  F: 44
0-32.0,1-46.0,2-34.0,3-33.0,4-30.0,5-32.0,6-29.0,7-28.0
Sat May 17 12:05:24 CEST 2025
8111  F: 136
8448  F: 119
6908  F: 112
8869  F: 12
8450  F: 77
7187  F: 107
8564  F: 76
10163  F: 93
8728  F: 90
7908  F: 85
7870  F: 54
6860  F: 48
8839  F: 46
7705  F: 44
0-34.0,1-33.0,2-35.0,3-34.0,4-34.0,5-34.0,6-28.0,7-29.0
Sat May 17 12:05:54 CEST 2025
8355  F: 136
8748  F: 119
7203  F: 112
9192  F: 12
8617  F: 77
7482  F: 107
8578  F: 76
10386  F: 93
9027  F: 90
7923  F: 85
8348  F: 54
7145  F: 48
8848  F: 46
8022  F: 44
0-30.0,1-27.0,2-32.0,3-32.0,4-27.0,5-31.0,6-26.0,7-29.0
Sat May 17 12:06:24 CEST 2025
8522  F: 136
8974  F: 119
7463  F: 112
9452  F: 12
8979  F: 77
7725  F: 107
9152  F: 76
10720  F: 93
9073  F: 90
7923  F: 85
8368  F: 54
7413  F: 48
8870  F: 46
8293  F: 44
0-32.0,1-33.0,2-35.0,3-32.0,4-32.0,5-32.0,6-33.0,7-29.0
Sat May 17 12:06:55 CEST 2025
8526  F: 136
9073  F: 119
7713  F: 112
9757  F: 12
9286  F: 77
8027  F: 107
9430  F: 76
10847  F: 93
9570  F: 90
7923  F: 85
8368  F: 54
7690  F: 48
8870  F: 46
8564  F: 44
0-29.0,1-32.0,2-31.0,3-34.0,4-28.0,5-29.0,6-29.0,7-27.0
Sat May 17 12:07:25 CEST 2025
9199  F: 136
9083  F: 119
8003  F: 112
9830  F: 12
9509  F: 77
8186  F: 107
9705  F: 76
11166  F: 93
9844  F: 90
8075  F: 85
8438  F: 54
7959  F: 48
8870  F: 46
8710  F: 44
0-35.0,1-29.0,2-38.0,3-33.0,4-31.0,5-34.0,6-33.0,7-30.0
Sat May 17 12:07:55 CEST 2025
9400  F: 136
9098  F: 119
8301  F: 112
9839  F: 12
9690  F: 77
8488  F: 107
9956  F: 76
11416  F: 93
10117  F: 90
8355  F: 85
8499  F: 54
8233  F: 48
8870  F: 46
8724  F: 44
0-32.0,1-28.0,2-35.0,3-31.0,4-32.0,5-34.0,6-28.0,7-44.0
Sat May 17 12:08:25 CEST 2025
9666  F: 136
9098  F: 119
8574  F: 112
10409  F: 12
9870  F: 77
8777  F: 107
10208  F: 76
11444  F: 93
10382  F: 90
8632  F: 85
9038  F: 54
8484  F: 48
9004  F: 46
8740  F: 44
0-33.0,1-31.0,2-34.0,3-33.0,4-32.0,5-34.0,6-25.0,7-28.0
Sat May 17 12:08:56 CEST 2025
9691  F: 136
10343  F: 119
8671  F: 112
10411  F: 12
10316  F: 77
9083  F: 107
10374  F: 76
11973  F: 93
10631  F: 90
8757  F: 85
9344  F: 54
8584  F: 48
9318  F: 46
8740  F: 44
0-33.0,1-30.0,2-36.0,3-51.0,4-32.0,5-35.0,6-33.0,7-30.0
Sat May 17 12:09:26 CEST 2025
10276  F: 136
10621  F: 119
8710  F: 112
10421  F: 12
10649  F: 77
9387  F: 107
10636  F: 76
12220  F: 93
10909  F: 90
8925  F: 85
9567  F: 54
8584  F: 48
9579  F: 46
8740  F: 44
0-30.0,1-30.0,2-31.0,3-29.0,4-28.0,5-30.0,6-25.0,7-29.0
Sat May 17 12:09:56 CEST 2025
10554  F: 136
10831  F: 119
9389  F: 112
11177  F: 12
10920  F: 77
9491  F: 107
10666  F: 76
12593  F: 93
10937  F: 90
9440  F: 85
9893  F: 54
8602  F: 48
9635  F: 46
8740  F: 44
0-41.0,1-49.0,2-45.0,3-55.0,4-36.0,5-42.0,6-33.0,7-46.0
Sat May 17 12:10:26 CEST 2025
10555  F: 136
10925  F: 119
9631  F: 112
11673  F: 12
11192  F: 77
9926  F: 107
11166  F: 76
12885  F: 93
11410  F: 90
9523  F: 85
10135  F: 54
8602  F: 48
10136  F: 46
8891  F: 44
0-31.0,1-27.0,2-31.0,3-30.0,4-31.0,5-31.0,6-27.0,7-28.0
Sat May 17 12:10:56 CEST 2025
11028  F: 136
11457  F: 119
9896  F: 112
11880  F: 12
11419  F: 77
10000  F: 107
11181  F: 76
12899  F: 93
11749  F: 90
9993  F: 85
10441  F: 54
8602  F: 48
10359  F: 46
8919  F: 44
0-31.0,1-27.0,2-32.0,3-31.0,4-32.0,5-32.0,6-26.0,7-28.0
Sat May 17 12:11:27 CEST 2025
11306  F: 136
11735  F: 119
10202  F: 112
12118  F: 12
11636  F: 77
10441  F: 107
11822  F: 76
12916  F: 93
11913  F: 90
10219  F: 85
10692  F: 54
8754  F: 48
10637  F: 46
9325  F: 44
0-29.0,1-41.0,2-33.0,3-37.0,4-29.0,5-36.0,6-31.0,7-30.0
Sat May 17 12:11:57 CEST 2025
11640  F: 136
11808  F: 119
10479  F: 112
12150  F: 12
12009  F: 77
10673  F: 107
11961  F: 76
13616  F: 93
12262  F: 90
10461  F: 85
10968  F: 54
8771  F: 48
10952  F: 46
9343  F: 44
0-32.0,1-32.0,2-34.0,3-41.0,4-29.0,5-34.0,6-26.0,7-28.0
Sat May 17 12:12:27 CEST 2025
11863  F: 136
11861  F: 119
10704  F: 112
12731  F: 12
12281  F: 77
10901  F: 107
11961  F: 76
13660  F: 93
12534  F: 90
10709  F: 85
11264  F: 54
8771  F: 48
11222  F: 46
10004  F: 44
0-29.0,1-31.0,2-34.0,3-31.0,4-30.0,5-32.0,6-26.0,7-29.0
Sat May 17 12:12:57 CEST 2025
11975  F: 136
12557  F: 119
10712  F: 112
13045  F: 12
12531  F: 77
10929  F: 107
11976  F: 76
14152  F: 93
12567  F: 90
10946  F: 85
11527  F: 54
8789  F: 48
11308  F: 46
10239  F: 44
0-35.0,1-30.0,2-38.0,3-35.0,4-33.0,5-35.0,6-31.0,7-29.0
Sat May 17 12:13:28 CEST 2025
12453  F: 136
12829  F: 119
10712  F: 112
13205  F: 12
12657  F: 77
11541  F: 107
11976  F: 76
14479  F: 93
13105  F: 90
10985  F: 85
11779  F: 54
8789  F: 48
11695  F: 46
10561  F: 44
0-31.0,1-41.0,2-34.0,3-42.0,4-30.0,5-42.0,6-31.0,7-31.0
Sat May 17 12:13:58 CEST 2025
12619  F: 136
13102  F: 119
10712  F: 112
13214  F: 12
12942  F: 77
11737  F: 107
11976  F: 76
14791  F: 93
13359  F: 90
11626  F: 85
11792  F: 54
8789  F: 48
11695  F: 46
10813  F: 44
0-28.0,1-26.0,2-31.0,3-29.0,4-29.0,5-29.0,6-24.0,7-28.0
Sat May 17 12:14:28 CEST 2025
12893  F: 136
13295  F: 119
10712  F: 112
13224  F: 12
13367  F: 77
11755  F: 107
12182  F: 76
15008  F: 93
13638  F: 90
11890  F: 85
11797  F: 54
8988  F: 48
11711  F: 46
11101  F: 44
0-28.0,1-26.0,2-35.0,3-33.0,4-31.0,5-32.0,6-26.0,7-28.0
Sat May 17 12:14:58 CEST 2025
12943  F: 136
13381  F: 119
11089  F: 112
13232  F: 12
13589  F: 77
12315  F: 107
12434  F: 76
15342  F: 93
13701  F: 90
12141  F: 85
11797  F: 54
9260  F: 48
11711  F: 46
11322  F: 44
0-42.0,1-29.0,2-35.0,3-33.0,4-40.0,5-33.0,6-31.0,7-29.0
Sat May 17 12:15:29 CEST 2025
13231  F: 136
13409  F: 119
11404  F: 112
13236  F: 12
13840  F: 77
12655  F: 107
12657  F: 76
15589  F: 93
13860  F: 90
12169  F: 85
11816  F: 54
9535  F: 48
11711  F: 46
11650  F: 44
0-30.0,1-27.0,2-30.0,3-32.0,4-27.0,5-30.0,6-25.0,7-29.0
Sat May 17 12:15:59 CEST 2025
13827  F: 136
13410  F: 119
11660  F: 112
14635  F: 12
13883  F: 77
12900  F: 107
12998  F: 76
15891  F: 93
13875  F: 90
12673  F: 85
11816  F: 54
9708  F: 48
11711  F: 46
11888  F: 44
0-32.0,1-32.0,2-38.0,3-33.0,4-34.0,5-38.0,6-29.0,7-32.0
Sat May 17 12:16:29 CEST 2025
13899  F: 136
13410  F: 119
11663  F: 112
14878  F: 12
14459  F: 77
13098  F: 107
13250  F: 76
16012  F: 93
13875  F: 90
12881  F: 85
11816  F: 54
9768  F: 48
11788  F: 46
12182  F: 44
0-32.0,1-31.0,2-33.0,3-33.0,4-29.0,5-34.0,6-25.0,7-28.0
Sat May 17 12:16:59 CEST 2025
14027  F: 136
13425  F: 119
11679  F: 112
14926  F: 12
14675  F: 77
13351  F: 107
13543  F: 76
16441  F: 93
13875  F: 90
13232  F: 85
11816  F: 54
10344  F: 48
12169  F: 46
12461  F: 44
0-32.0,1-31.0,2-47.0,3-32.0,4-30.0,5-33.0,6-30.0,7-31.0
Sat May 17 12:17:30 CEST 2025
14620  F: 136
13425  F: 119
11679  F: 112
14931  F: 12
14926  F: 77
13657  F: 107
13815  F: 76
16525  F: 93
13941  F: 90
13318  F: 85
12031  F: 54
10415  F: 48
12420  F: 46
12662  F: 44
0-33.0,1-30.0,2-34.0,3-37.0,4-30.0,5-32.0,6-29.0,7-29.0
Sat May 17 12:18:00 CEST 2025
14668  F: 136
13425  F: 119
11679  F: 112
14972  F: 12
15224  F: 77
13991  F: 107
14058  F: 76
16874  F: 93
14278  F: 90
13335  F: 85
12248  F: 54
10846  F: 48
12734  F: 46
12669  F: 44
0-33.0,1-31.0,2-35.0,3-42.0,4-32.0,5-34.0,6-33.0,7-30.0
Sat May 17 12:18:30 CEST 2025
15009  F: 136
13641  F: 119
11871  F: 112
15950  F: 12
15427  F: 77
14289  F: 107
14158  F: 76
16875  F: 93
14585  F: 90
13338  F: 85
12331  F: 54
11146  F: 48
12974  F: 46
12669  F: 44
0-31.0,1-27.0,2-31.0,3-32.0,4-27.0,5-32.0,6-26.0,7-27.0
Sat May 17 12:19:01 CEST 2025
15339  F: 136
13853  F: 119
11931  F: 112
16075  F: 12
15796  F: 77
14491  F: 107
14163  F: 76
16875  F: 93
14609  F: 90
13352  F: 85
12817  F: 54
11381  F: 48
13281  F: 46
12669  F: 44
0-30.0,1-27.0,2-32.0,3-32.0,4-27.0,5-31.0,6-31.0,7-28.0
Sat May 17 12:19:31 CEST 2025
15343  F: 136
13937  F: 119
11942  F: 112
16537  F: 12
16092  F: 77
14798  F: 107
14163  F: 76
16895  F: 93
15029  F: 90
13352  F: 85
13109  F: 54
11684  F: 48
13554  F: 46
12684  F: 44
0-40.0,1-29.0,2-38.0,3-33.0,4-36.0,5-35.0,6-49.0,7-34.0
Sat May 17 12:20:01 CEST 2025
16004  F: 136
14452  F: 119
11943  F: 112
16863  F: 12
16346  F: 77
14984  F: 107
14163  F: 76
16895  F: 93
15031  F: 90
13352  F: 85
13393  F: 54
11876  F: 48
13645  F: 46
12684  F: 44
0-34.0,1-31.0,2-34.0,3-31.0,4-30.0,5-32.0,6-28.0,7-29.0
Sat May 17 12:20:31 CEST 2025
16277  F: 136
14606  F: 119
12917  F: 112
17030  F: 12
16624  F: 77
15185  F: 107
14337  F: 76
16895  F: 93
15049  F: 90
13352  F: 85
13665  F: 54
12193  F: 48
13673  F: 46
12873  F: 44
0-34.0,1-31.0,2-36.0,3-34.0,4-35.0,5-35.0,6-32.0,7-32.0
Sat May 17 12:21:02 CEST 2025
16539  F: 136
14616  F: 119
12917  F: 112
17153  F: 12
16664  F: 77
15216  F: 107
14667  F: 76
16895  F: 93
15049  F: 90
13370  F: 85
13938  F: 54
12361  F: 48
13673  F: 46
13186  F: 44
0-29.0,1-27.0,2-32.0,3-32.0,4-29.0,5-34.0,6-25.0,7-29.0
Sat May 17 12:21:32 CEST 2025
16664  F: 136
15109  F: 119
12936  F: 112
17604  F: 12
17070  F: 77
15790  F: 107
14936  F: 76
17131  F: 93
16218  F: 90
13373  F: 85
14110  F: 54
12800  F: 48
13688  F: 46
13374  F: 44
0-31.0,1-30.0,2-35.0,3-39.0,4-31.0,5-35.0,6-29.0,7-30.0
Sat May 17 12:22:02 CEST 2025
16669  F: 136
15154  F: 119
12936  F: 112
17910  F: 12
17070  F: 77
15963  F: 107
15167  F: 76
17405  F: 93
16542  F: 90
13392  F: 85
14387  F: 54
13074  F: 48
13688  F: 46
13715  F: 44
0-28.0,1-31.0,2-30.0,3-30.0,4-30.0,5-29.0,6-29.0,7-28.0
Sat May 17 12:22:32 CEST 2025
16674  F: 136
15158  F: 119
12936  F: 112
18144  F: 12
17070  F: 77
16469  F: 107
15371  F: 76
17677  F: 93
16775  F: 90
13392  F: 85
14419  F: 54
13254  F: 48
13923  F: 46
14005  F: 44
0-29.0,1-34.0,2-33.0,3-39.0,4-36.0,5-33.0,6-29.0,7-30.0
Sat May 17 12:23:03 CEST 2025
16674  F: 136
16094  F: 119
12936  F: 112
18470  F: 12
17090  F: 77
16740  F: 107
15755  F: 76
17740  F: 93
16970  F: 90
13392  F: 85
15022  F: 54
13556  F: 48
14062  F: 46
14277  F: 44
0-32.0,1-28.0,2-32.0,3-31.0,4-28.0,5-33.0,6-24.0,7-28.0
Sat May 17 12:23:33 CEST 2025
16689  F: 136
16367  F: 119
13143  F: 112
18749  F: 12
17090  F: 77
16943  F: 107
16029  F: 76
17743  F: 93
17243  F: 90
13633  F: 85
15281  F: 54
13861  F: 48
14090  F: 46
14512  F: 44
0-34.0,1-29.0,2-35.0,3-36.0,4-33.0,5-35.0,6-27.0,7-29.0
Sat May 17 12:24:03 CEST 2025
16689  F: 136
16626  F: 119
13444  F: 112
19038  F: 12
17090  F: 77
16948  F: 107
16193  F: 76
17771  F: 93
17499  F: 90
13683  F: 85
15558  F: 54
13932  F: 48
14114  F: 46
14734  F: 44
0-32.0,1-30.0,2-35.0,3-31.0,4-28.0,5-32.0,6-24.0,7-28.0
Sat May 17 12:24:33 CEST 2025
16689  F: 136
16839  F: 119
13717  F: 112
19267  F: 12
17311  F: 77
16961  F: 107
16208  F: 76
17771  F: 93
17889  F: 90
13711  F: 85
15838  F: 54
13948  F: 48
15009  F: 46
14957  F: 44
0-34.0,1-31.0,2-33.0,3-35.0,4-30.0,5-34.0,6-29.0,7-35.0
Sat May 17 12:25:04 CEST 2025
16689  F: 136
17184  F: 119
13988  F: 112
19573  F: 12
17485  F: 77
16971  F: 107
16778  F: 76
18287  F: 93
18140  F: 90
13711  F: 85
16033  F: 54
13951  F: 48
15287  F: 46
14960  F: 44
0-48.0,1-38.0,2-51.0,3-47.0,4-46.0,5-52.0,6-44.0,7-45.0
Sat May 17 12:25:34 CEST 2025
16940  F: 136
17436  F: 119
14243  F: 112
19803  F: 12
17724  F: 77
18053  F: 107
16825  F: 76
18287  F: 93
18446  F: 90
13726  F: 85
16360  F: 54
13970  F: 48
15427  F: 46
14960  F: 44
0-34.0,1-31.0,2-39.0,3-36.0,4-33.0,5-37.0,6-33.0,7-32.0
Sat May 17 12:26:04 CEST 2025
17198  F: 136
17726  F: 119
14396  F: 112
19845  F: 12
18129  F: 77
18364  F: 107
17245  F: 76
18287  F: 93
18641  F: 90
13726  F: 85
16658  F: 54
13972  F: 48
15816  F: 46
14976  F: 44
0-76.0,1-46.0,2-85.0,3-81.0,4-56.0,5-78.0,6-37.0,7-47.0
Sat May 17 12:26:34 CEST 2025
17269  F: 136
18001  F: 119
14608  F: 112
19857  F: 12
18267  F: 77
18499  F: 107
17532  F: 76
18548  F: 93
18994  F: 90
13726  F: 85
16934  F: 54
15487  F: 48
15986  F: 46
14976  F: 44
0-31.0,1-36.0,2-32.0,3-33.0,4-29.0,5-31.0,6-29.0,7-34.0
Sat May 17 12:27:05 CEST 2025
17275  F: 136
18267  F: 119
14660  F: 112
19857  F: 12
18634  F: 77
18915  F: 107
17553  F: 76
18819  F: 93
19226  F: 90
13726  F: 85
17168  F: 54
15800  F: 48
15989  F: 46
14976  F: 44
0-61.0,1-42.0,2-95.0,3-66.0,4-84.0,5-84.0,6-44.0,7-69.0
Sat May 17 12:27:35 CEST 2025
17294  F: 136
18516  F: 119
14897  F: 112
19857  F: 12
18888  F: 77
19192  F: 107
18107  F: 76
19005  F: 93
19532  F: 90
13992  F: 85
17195  F: 54
16031  F: 48
16099  F: 46
15230  F: 44
0-31.0,1-31.0,2-34.0,3-39.0,4-36.0,5-33.0,6-27.0,7-28.0
Sat May 17 12:28:05 CEST 2025
17317  F: 136
18818  F: 119
15621  F: 112
19857  F: 12
18899  F: 77
19454  F: 107
18478  F: 76
19364  F: 93
19756  F: 90
14265  F: 85
17195  F: 54
16053  F: 48
16099  F: 46
15406  F: 44
0-58.0,1-43.0,2-64.0,3-58.0,4-54.0,5-74.0,6-42.0,7-49.0
Sat May 17 12:28:36 CEST 2025
18333  F: 136
19057  F: 119
15716  F: 112
20056  F: 12
18907  F: 77
19692  F: 107
18728  F: 76
19450  F: 93
19810  F: 90
14520  F: 85
18023  F: 54
16053  F: 48
16277  F: 46
15781  F: 44
0-34.0,1-30.0,2-34.0,3-34.0,4-29.0,5-32.0,6-30.0,7-28.0
Sat May 17 12:29:06 CEST 2025
18834  F: 136
19364  F: 119
16153  F: 112
20093  F: 12
18925  F: 77
19951  F: 107
19026  F: 76
19461  F: 93
20357  F: 90
14809  F: 85
18295  F: 54
16068  F: 48
16277  F: 46
16052  F: 44
0-36.0,1-36.0,2-38.0,3-36.0,4-33.0,5-38.0,6-30.0,7-36.0
Sat May 17 12:29:36 CEST 2025
19113  F: 136
19631  F: 119
16436  F: 112
20093  F: 12
18925  F: 77
20193  F: 107
19299  F: 76
20174  F: 93
20423  F: 90
15082  F: 85
18560  F: 54
16068  F: 48
16277  F: 46
16213  F: 44
0-32.0,1-37.0,2-35.0,3-33.0,4-30.0,5-35.0,6-27.0,7-30.0
Sat May 17 12:30:06 CEST 2025
19209  F: 136
19836  F: 119
16687  F: 112
20093  F: 12
18925  F: 77
20209  F: 107
19570  F: 76
20455  F: 93
20896  F: 90
15352  F: 85
18677  F: 54
16068  F: 48
16277  F: 46
16545  F: 44
0-35.0,1-32.0,2-36.0,3-38.0,4-30.0,5-35.0,6-26.0,7-29.0
Sat May 17 12:30:37 CEST 2025
19422  F: 136
20123  F: 119
16899  F: 112
20302  F: 12
18972  F: 77
20217  F: 107
19818  F: 76
20721  F: 93
21000  F: 90
15576  F: 85
19033  F: 54
16249  F: 48
16415  F: 46
16645  F: 44
0-35.0,1-31.0,2-39.0,3-35.0,4-31.0,5-35.0,6-29.0,7-29.0
Sat May 17 12:31:07 CEST 2025
19928  F: 136
20327  F: 119
17115  F: 112
20606  F: 12
19355  F: 77
20236  F: 107
19870  F: 76
20911  F: 93
21372  F: 90
15827  F: 85
19209  F: 54
16425  F: 48
16429  F: 46
16666  F: 44
0-32.0,1-31.0,2-34.0,3-34.0,4-29.0,5-34.0,6-28.0,7-29.0
Sat May 17 12:31:37 CEST 2025
20158  F: 136
20330  F: 119
17487  F: 112
20918  F: 12
19407  F: 77
20236  F: 107
19874  F: 76
20964  F: 93
21720  F: 90
16033  F: 85
19209  F: 54
16427  F: 48
17090  F: 46
17396  F: 44
0-35.0,1-34.0,2-38.0,3-46.0,4-37.0,5-36.0,6-46.0,7-40.0
Sat May 17 12:32:08 CEST 2025
20463  F: 136
20330  F: 119
17659  F: 112
21129  F: 12
19968  F: 77
20236  F: 107
19914  F: 76
21500  F: 93
21787  F: 90
16264  F: 85
19209  F: 54
16456  F: 48
17370  F: 46
17672  F: 44
0-44.0,1-41.0,2-49.0,3-65.0,4-38.0,5-60.0,6-37.0,7-35.0
Sat May 17 12:32:38 CEST 2025
20741  F: 136
20330  F: 119
18076  F: 112
21200  F: 12
20274  F: 77
21912  F: 107
20845  F: 76
21808  F: 93
21815  F: 90
16300  F: 85
19209  F: 54
16477  F: 48
17646  F: 46
17962  F: 44
0-34.0,1-29.0,2-39.0,3-36.0,4-32.0,5-35.0,6-30.0,7-30.0
Sat May 17 12:33:08 CEST 2025
20964  F: 136
20350  F: 119
18205  F: 112
21691  F: 12
20567  F: 77
22189  F: 107
21194  F: 76
22087  F: 93
21824  F: 90
16318  F: 85
19355  F: 54
17375  F: 48
17869  F: 46
18204  F: 44
0-37.0,1-51.0,2-37.0,3-37.0,4-31.0,5-36.0,6-30.0,7-33.0
Sat May 17 12:33:38 CEST 2025
21270  F: 136
20621  F: 119
18219  F: 112
21722  F: 12
20841  F: 77
22405  F: 107
21436  F: 76
22358  F: 93
21832  F: 90
17262  F: 85
19355  F: 54
17984  F: 48
18147  F: 46
18507  F: 44
0-31.0,1-27.0,2-34.0,3-31.0,4-35.0,5-32.0,6-34.0,7-30.0
Sat May 17 12:34:09 CEST 2025
21574  F: 136
20755  F: 119
18665  F: 112
22101  F: 12
21104  F: 77
22624  F: 107
21567  F: 76
22619  F: 93
21832  F: 90
17275  F: 85
19383  F: 54
18218  F: 48
18301  F: 46
18753  F: 44
0-36.0,1-34.0,2-36.0,3-37.0,4-32.0,5-35.0,6-30.0,7-33.0
Sat May 17 12:34:39 CEST 2025
21744  F: 136
20788  F: 119
18840  F: 112
22102  F: 12
21385  F: 77
22909  F: 107
21930  F: 76
22858  F: 93
21832  F: 90
17588  F: 85
19618  F: 54
18485  F: 48
18325  F: 46
18938  F: 44
0-57.0,1-37.0,2-38.0,3-41.0,4-31.0,5-35.0,6-33.0,7-30.0
Sat May 17 12:35:09 CEST 2025
21744  F: 136
21426  F: 119
18840  F: 112
22102  F: 12
21505  F: 77
22961  F: 107
22265  F: 76
23159  F: 93
21832  F: 90
17883  F: 85
19924  F: 54
18750  F: 48
18524  F: 46
19309  F: 44
0-49.0,1-36.0,2-44.0,3-40.0,4-40.0,5-44.0,6-52.0,7-38.0
Sat May 17 12:35:40 CEST 2025
21759  F: 136
21604  F: 119
18873  F: 112
22962  F: 12
21801  F: 77
23293  F: 107
22519  F: 76
23260  F: 93
22130  F: 90
17888  F: 85
20189  F: 54
18969  F: 48
18524  F: 46
19598  F: 44
0-34.0,1-31.0,2-38.0,3-33.0,4-36.0,5-36.0,6-30.0,7-33.0
Sat May 17 12:36:10 CEST 2025
21759  F: 136
21620  F: 119
18873  F: 112
23335  F: 12
22168  F: 77
23448  F: 107
22842  F: 76
23618  F: 93
22264  F: 90
18434  F: 85
20426  F: 54
19122  F: 48
18524  F: 46
19865  F: 44
0-33.0,1-32.0,2-36.0,3-40.0,4-30.0,5-34.0,6-26.0,7-29.0
Sat May 17 12:36:40 CEST 2025
21759  F: 136
21620  F: 119
18873  F: 112
23582  F: 12
22333  F: 77
23456  F: 107
23115  F: 76
23999  F: 93
22660  F: 90
18806  F: 85
20426  F: 54
19146  F: 48
18524  F: 46
20144  F: 44
0-32.0,1-33.0,2-33.0,3-35.0,4-28.0,5-32.0,6-25.0,7-30.0
Sat May 17 12:37:10 CEST 2025
21799  F: 136
21620  F: 119
18914  F: 112
23916  F: 12
22748  F: 77
23469  F: 107
23388  F: 76
24271  F: 93
22819  F: 90
19168  F: 85
20956  F: 54
19146  F: 48
18524  F: 46
20415  F: 44
0-34.0,1-32.0,2-33.0,3-34.0,4-31.0,5-34.0,6-27.0,7-29.0
Sat May 17 12:37:41 CEST 2025
21999  F: 136
21620  F: 119
19136  F: 112
24156  F: 12
23021  F: 77
23471  F: 107
23548  F: 76
24370  F: 93
23182  F: 90
19444  F: 85
21101  F: 54
19161  F: 48
18815  F: 46
20688  F: 44
0-30.0,1-29.0,2-35.0,3-32.0,4-35.0,5-34.0,6-30.0,7-30.0
Sat May 17 12:38:11 CEST 2025
22335  F: 136
21637  F: 119
19455  F: 112
24356  F: 12
23231  F: 77
23474  F: 107
23565  F: 76
24388  F: 93
23266  F: 90
19715  F: 85
21540  F: 54
19161  F: 48
19038  F: 46
20932  F: 44
0-32.0,1-31.0,2-35.0,3-49.0,4-32.0,5-35.0,6-30.0,7-31.0
Sat May 17 12:38:41 CEST 2025
22551  F: 136
21905  F: 119
19721  F: 112
24638  F: 12
23231  F: 77
25186  F: 107
24142  F: 76
24409  F: 93
23739  F: 90
19959  F: 85
21546  F: 54
19161  F: 48
19348  F: 46
21227  F: 44
0-32.0,1-29.0,2-37.0,3-37.0,4-30.0,5-35.0,6-28.0,7-30.0
Sat May 17 12:39:12 CEST 2025
22590  F: 136
21939  F: 119
19987  F: 112
24973  F: 12
23231  F: 77
25439  F: 107
24449  F: 76
25289  F: 93
24037  F: 90
20059  F: 85
21598  F: 54
19183  F: 48
19567  F: 46
21487  F: 44
0-33.0,1-31.0,2-36.0,3-34.0,4-33.0,5-36.0,6-33.0,7-34.0
Sat May 17 12:39:42 CEST 2025
22594  F: 136
21939  F: 119
20167  F: 112
25055  F: 12
23231  F: 77
25735  F: 107
24543  F: 76
25623  F: 93
24296  F: 90
20422  F: 85
22145  F: 54
19466  F: 48
19678  F: 46
21764  F: 44
0-34.0,1-28.0,2-35.0,3-32.0,4-30.0,5-32.0,6-29.0,7-33.0
Sat May 17 12:40:12 CEST 2025
22621  F: 136
21985  F: 119
20529  F: 112
25523  F: 12
23231  F: 77
26006  F: 107
24554  F: 76
25879  F: 93
24519  F: 90
20733  F: 85
22653  F: 54
19722  F: 48
19707  F: 46
22049  F: 44
0-35.0,1-31.0,2-38.0,3-35.0,4-34.0,5-37.0,6-48.0,7-39.0
Sat May 17 12:40:42 CEST 2025
22621  F: 136
22177  F: 119
20640  F: 112
25752  F: 12
23555  F: 77
26066  F: 107
25255  F: 76
26113  F: 93
24689  F: 90
21065  F: 85
22926  F: 54
19840  F: 48
19856  F: 46
22307  F: 44
0-35.0,1-38.0,2-38.0,3-38.0,4-34.0,5-35.0,6-28.0,7-32.0
Sat May 17 12:41:13 CEST 2025
22685  F: 136
22529  F: 119
20959  F: 112
26086  F: 12
23828  F: 77
26080  F: 107
25565  F: 76
26447  F: 93
24821  F: 90
21349  F: 85
23198  F: 54
20224  F: 48
19856  F: 46
22311  F: 44
0-33.0,1-31.0,2-34.0,3-33.0,4-34.0,5-32.0,6-26.0,7-30.0
Sat May 17 12:41:43 CEST 2025
22946  F: 136
22802  F: 119
20970  F: 112
26147  F: 12
24101  F: 77
26088  F: 107
25841  F: 76
26639  F: 93
25400  F: 90
21446  F: 85
23355  F: 54
20578  F: 48
19856  F: 46
22868  F: 44
0-35.0,1-33.0,2-35.0,3-36.0,4-32.0,5-34.0,6-26.0,7-29.0
Sat May 17 12:42:13 CEST 2025
23158  F: 136
22982  F: 119
21016  F: 112
26621  F: 12
24339  F: 77
27097  F: 107
25986  F: 76
26996  F: 93
25634  F: 90
21446  F: 85
23743  F: 54
20851  F: 48
19924  F: 46
23059  F: 44
0-32.0,1-35.0,2-33.0,3-32.0,4-29.0,5-32.0,6-27.0,7-28.0
Sat May 17 12:42:44 CEST 2025
23163  F: 136
23348  F: 119
21086  F: 112
26844  F: 12
24385  F: 77
27232  F: 107
26250  F: 76
27186  F: 93
25716  F: 90
22120  F: 85
24016  F: 54
21121  F: 48
20175  F: 46
23081  F: 44
0-31.0,1-27.0,2-36.0,3-35.0,4-35.0,5-35.0,6-32.0,7-30.0
Sat May 17 12:43:14 CEST 2025
23612  F: 136
23525  F: 119
22138  F: 112
27149  F: 12
24704  F: 77
27236  F: 107
26255  F: 76
27450  F: 93
26217  F: 90
22440  F: 85
24238  F: 54
21397  F: 48
20342  F: 46
23687  F: 44
0-32.0,1-28.0,2-36.0,3-31.0,4-33.0,5-35.0,6-34.0,7-32.0
Sat May 17 12:43:44 CEST 2025
23892  F: 136
23678  F: 119
22263  F: 112
27345  F: 12
25192  F: 77
27243  F: 107
26259  F: 76
27808  F: 93
26358  F: 90
22716  F: 85
24439  F: 54
21471  F: 48
20342  F: 46
23948  F: 44
0-31.0,1-28.0,2-32.0,3-30.0,4-31.0,5-30.0,6-28.0,7-29.0
Sat May 17 12:44:15 CEST 2025
24026  F: 136
24151  F: 119
22264  F: 112
27692  F: 12
25297  F: 77
27253  F: 107
26259  F: 76
28049  F: 93
26763  F: 90
22972  F: 85
24743  F: 54
21477  F: 48
21012  F: 46
24196  F: 44
0-32.0,1-28.0,2-35.0,3-32.0,4-36.0,5-34.0,6-30.0,7-33.0
Sat May 17 12:44:45 CEST 2025
24041  F: 136
24438  F: 119
22982  F: 112
27824  F: 12
25304  F: 77
27300  F: 107
26273  F: 76
28162  F: 93
27037  F: 90
23260  F: 85
25085  F: 54
21477  F: 48
21179  F: 46
24474  F: 44
0-43.0,1-32.0,2-70.0,3-41.0,4-44.0,5-44.0,6-32.0,7-33.0
Sat May 17 12:45:15 CEST 2025
24041  F: 136
24712  F: 119
23277  F: 112
27835  F: 12
25304  F: 77
28452  F: 107
26273  F: 76
28185  F: 93
27303  F: 90
23502  F: 85
25379  F: 54
21491  F: 48
21565  F: 46
24778  F: 44
0-35.0,1-39.0,2-34.0,3-53.0,4-29.0,5-33.0,6-28.0,7-28.0
Sat May 17 12:45:46 CEST 2025
24041  F: 136
24967  F: 119
23503  F: 112
27888  F: 12
25319  F: 77
28844  F: 107
26273  F: 76
28185  F: 93
27353  F: 90
23806  F: 85
25653  F: 54
21491  F: 48
21707  F: 46
25051  F: 44
0-34.0,1-33.0,2-40.0,3-35.0,4-54.0,5-38.0,6-36.0,7-34.0
Sat May 17 12:46:16 CEST 2025
24129  F: 136
25244  F: 119
23774  F: 112
27928  F: 12
25319  F: 77
29237  F: 107
26351  F: 76
28185  F: 93
27777  F: 90
24014  F: 85
25926  F: 54
21559  F: 48
21928  F: 46
25197  F: 44
0-33.0,1-29.0,2-35.0,3-32.0,4-32.0,5-35.0,6-28.0,7-33.0
Sat May 17 12:46:46 CEST 2025
24333  F: 136
25496  F: 119
23996  F: 112
27928  F: 12
25319  F: 77
29527  F: 107
26633  F: 76
28185  F: 93
28102  F: 90
24049  F: 85
25971  F: 54
21782  F: 48
22055  F: 46
25597  F: 44
0-33.0,1-33.0,2-34.0,3-34.0,4-30.0,5-31.0,6-24.0,7-28.0
Sat May 17 12:47:17 CEST 2025
24583  F: 136
25791  F: 119
24332  F: 112
27928  F: 12
25387  F: 77
29711  F: 107
26727  F: 76
28185  F: 93
28361  F: 90
24577  F: 85
26416  F: 54
21782  F: 48
22148  F: 46
25866  F: 44
0-35.0,1-29.0,2-39.0,3-34.0,4-31.0,5-34.0,6-26.0,7-28.0
Sat May 17 12:47:47 CEST 2025
24945  F: 136
26014  F: 119
24599  F: 112
27928  F: 12
25641  F: 77
29722  F: 107
26839  F: 76
28532  F: 93
28640  F: 90
24626  F: 85
26586  F: 54
21799  F: 48
22787  F: 46
26095  F: 44
0-43.0,1-41.0,2-47.0,3-64.0,4-38.0,5-45.0,6-30.0,7-37.0
Sat May 17 12:48:17 CEST 2025
25195  F: 136
26273  F: 119
24860  F: 112
27990  F: 12
25944  F: 77
29722  F: 107
26842  F: 76
28671  F: 93
28918  F: 90
25053  F: 85
27001  F: 54
21810  F: 48
23156  F: 46
26158  F: 44
0-35.0,1-31.0,2-35.0,3-38.0,4-33.0,5-36.0,6-30.0,7-42.0
Sat May 17 12:48:48 CEST 2025
25446  F: 136
26593  F: 119
25138  F: 112
28143  F: 12
26111  F: 77
29722  F: 107
26844  F: 76
28671  F: 93
29222  F: 90
25085  F: 85
27112  F: 54
21810  F: 48
23235  F: 46
26674  F: 44
0-30.0,1-28.0,2-32.0,3-32.0,4-35.0,5-31.0,6-28.0,7-30.0
Sat May 17 12:49:18 CEST 2025
25613  F: 136
26847  F: 119
25290  F: 112
28557  F: 12
26462  F: 77
29765  F: 107
26848  F: 76
28677  F: 93
29493  F: 90
25100  F: 85
27558  F: 54
21829  F: 48
23749  F: 46
26684  F: 44
0-34.0,1-31.0,2-36.0,3-36.0,4-31.0,5-38.0,6-34.0,7-31.0
Sat May 17 12:49:48 CEST 2025
26032  F: 136
27167  F: 119
25301  F: 112
28830  F: 12
26752  F: 77
30034  F: 107
28271  F: 76
28685  F: 93
29587  F: 90
25102  F: 85
27799  F: 54
21829  F: 48
24021  F: 46
27199  F: 44
0-36.0,1-34.0,2-39.0,3-37.0,4-35.0,5-36.0,6-44.0,7-32.0
Sat May 17 12:50:19 CEST 2025
26059  F: 136
27443  F: 119
25335  F: 112
29068  F: 12
26763  F: 77
30115  F: 107
28424  F: 76
29871  F: 93
29948  F: 90
25107  F: 85
28087  F: 54
21829  F: 48
24228  F: 46
27272  F: 44
0-35.0,1-33.0,2-41.0,3-40.0,4-35.0,5-38.0,6-29.0,7-31.0
Sat May 17 12:50:49 CEST 2025
26095  F: 136
27667  F: 119
26280  F: 112
29082  F: 12
26784  F: 77
30602  F: 107
28816  F: 76
29994  F: 93
30186  F: 90
25110  F: 85
28384  F: 54
21829  F: 48
24333  F: 46
27713  F: 44
0-33.0,1-29.0,2-41.0,3-35.0,4-56.0,5-37.0,6-34.0,7-35.0
Sat May 17 12:51:19 CEST 2025
26639  F: 136
27749  F: 119
26511  F: 112
29527  F: 12
26784  F: 77
30787  F: 107
28930  F: 76
30463  F: 93
30233  F: 90
26686  F: 85
28658  F: 54
21859  F: 48
24784  F: 46
28010  F: 44
0-34.0,1-29.0,2-34.0,3-42.0,4-31.0,5-34.0,6-28.0,7-35.0
Sat May 17 12:51:50 CEST 2025
26643  F: 136
28011  F: 119
26753  F: 112
29530  F: 12
26784  F: 77
31073  F: 107
29125  F: 76
30644  F: 93
30233  F: 90
26952  F: 85
28931  F: 54
22080  F: 48
25091  F: 46
28319  F: 44
0-36.0,1-34.0,2-34.0,3-34.0,4-31.0,5-32.0,6-47.0,7-33.0
Sat May 17 12:52:20 CEST 2025
26937  F: 136
28022  F: 119
27100  F: 112
29536  F: 12
26908  F: 77
31366  F: 107
29589  F: 76
30843  F: 93
30357  F: 90
27355  F: 85
29091  F: 54
22218  F: 48
25202  F: 46
28455  F: 44
0-36.0,1-52.0,2-40.0,3-41.0,4-35.0,5-38.0,6-36.0,7-32.0
Sat May 17 12:52:50 CEST 2025
26937  F: 136
28022  F: 119
27373  F: 112
29536  F: 12
27185  F: 77
31533  F: 107
29894  F: 76
31177  F: 93
30635  F: 90
27630  F: 85
29117  F: 54
22222  F: 48
25536  F: 46
28873  F: 44
0-36.0,1-28.0,2-32.0,3-31.0,4-29.0,5-34.0,6-28.0,7-30.0
Sat May 17 12:53:21 CEST 2025
26937  F: 136
28029  F: 119
27477  F: 112
29552  F: 12
27458  F: 77
32018  F: 107
30168  F: 76
31556  F: 93
30907  F: 90
27895  F: 85
29117  F: 54
22238  F: 48
25549  F: 46
29149  F: 44
0-30.0,1-27.0,2-35.0,3-32.0,4-31.0,5-35.0,6-31.0,7-30.0
Sat May 17 12:53:51 CEST 2025
26937  F: 136
28320  F: 119
27537  F: 112
29552  F: 12
27732  F: 77
32132  F: 107
30331  F: 76
31806  F: 93
31183  F: 90
28170  F: 85
29117  F: 54
22238  F: 48
25564  F: 46
29402  F: 44
0-31.0,1-29.0,2-36.0,3-32.0,4-33.0,5-34.0,6-30.0,7-30.0
Sat May 17 12:54:21 CEST 2025
27075  F: 136
28536  F: 119
27537  F: 112
29552  F: 12
28005  F: 77
32543  F: 107
30657  F: 76
32002  F: 93
31359  F: 90
28419  F: 85
29117  F: 54
22341  F: 48
25597  F: 46
29640  F: 44
0-36.0,1-31.0,2-39.0,3-36.0,4-31.0,5-36.0,6-31.0,7-30.0
Sat May 17 12:54:52 CEST 2025
27343  F: 136
28853  F: 119
28307  F: 112
29552  F: 12
28278  F: 77
32828  F: 107
30991  F: 76
32046  F: 93
31397  F: 90
28443  F: 85
29141  F: 54
22471  F: 48
26457  F: 46
29910  F: 44
0-36.0,1-29.0,2-34.0,3-33.0,4-30.0,5-34.0,6-28.0,7-29.0
Sat May 17 12:55:22 CEST 2025
27400  F: 136
29121  F: 119
28618  F: 112
29648  F: 12
28549  F: 77
32967  F: 107
31275  F: 76
32167  F: 93
31935  F: 90
28446  F: 85
29751  F: 54
22909  F: 48
26543  F: 46
30241  F: 44
0-31.0,1-30.0,2-36.0,3-37.0,4-32.0,5-37.0,6-26.0,7-30.0
Sat May 17 12:55:52 CEST 2025
27410  F: 136
29523  F: 119
28841  F: 112
29761  F: 12
28810  F: 77
33360  F: 107
31382  F: 76
32167  F: 93
32194  F: 90
28453  F: 85
30057  F: 54
22936  F: 48
27195  F: 46
30413  F: 44
0-33.0,1-29.0,2-38.0,3-33.0,4-35.0,5-34.0,6-28.0,7-29.0
Sat May 17 12:56:23 CEST 2025
27423  F: 136
29796  F: 119
28871  F: 112
30195  F: 12
28882  F: 77
33575  F: 107
31539  F: 76
32167  F: 93
32548  F: 90
28470  F: 85
30337  F: 54
23465  F: 48
27445  F: 46
30631  F: 44
0-33.0,1-31.0,2-35.0,3-36.0,4-31.0,5-35.0,6-30.0,7-29.0
Sat May 17 12:56:53 CEST 2025
27438  F: 136
30048  F: 119
29489  F: 112
30298  F: 12
29359  F: 77
33919  F: 107
32082  F: 76
32167  F: 93
32807  F: 90
28470  F: 85
30615  F: 54
23746  F: 48
27846  F: 46
30635  F: 44
0-36.0,1-38.0,2-38.0,3-52.0,4-35.0,5-38.0,6-28.0,7-32.0
Sat May 17 12:57:23 CEST 2025
28177  F: 136
30308  F: 119
29667  F: 112
30382  F: 12
29609  F: 77
34064  F: 107
32355  F: 76
32327  F: 93
33085  F: 90
28580  F: 85
30814  F: 54
23928  F: 48
28086  F: 46
30667  F: 44
0-36.0,1-32.0,2-46.0,3-37.0,4-58.0,5-45.0,6-37.0,7-38.0
Sat May 17 12:57:54 CEST 2025
28564  F: 136
30335  F: 119
29894  F: 112
30382  F: 12
29668  F: 77
34102  F: 107
32527  F: 76
32597  F: 93
33188  F: 90
28638  F: 85
31105  F: 54
24022  F: 48
28393  F: 46
31515  F: 44
0-32.0,1-29.0,2-35.0,3-36.0,4-28.0,5-34.0,6-30.0,7-28.0
Sat May 17 12:58:24 CEST 2025
28594  F: 136
30375  F: 119
30345  F: 112
30382  F: 12
29693  F: 77
34112  F: 107
32762  F: 76
32873  F: 93
33531  F: 90
29003  F: 85
31382  F: 54
24565  F: 48
28535  F: 46
31862  F: 44
0-34.0,1-35.0,2-34.0,3-34.0,4-28.0,5-34.0,6-25.0,7-28.0
Sat May 17 12:58:54 CEST 2025
28606  F: 136
31070  F: 119
30595  F: 112
30554  F: 12
30222  F: 77
34941  F: 107
33163  F: 76
33145  F: 93
33727  F: 90
29403  F: 85
31715  F: 54
24773  F: 48
28538  F: 46
32129  F: 44
0-36.0,1-34.0,2-42.0,3-37.0,4-38.0,5-41.0,6-34.0,7-35.0
Sat May 17 12:59:25 CEST 2025
29079  F: 136
31432  F: 119
30773  F: 112
30554  F: 12
30250  F: 77
35191  F: 107
33413  F: 76
33329  F: 93
33730  F: 90
29645  F: 85
31967  F: 54
25112  F: 48
28580  F: 46
32426  F: 44
0-43.0,1-29.0,2-36.0,3-36.0,4-33.0,5-34.0,6-28.0,7-30.0
Sat May 17 12:59:55 CEST 2025
29901  F: 136
31578  F: 119
31197  F: 112
30554  F: 12
30250  F: 77
35557  F: 107
33732  F: 76
33516  F: 93
33730  F: 90
29987  F: 85
32051  F: 54
25384  F: 48
29120  F: 46
32623  F: 44
0-32.0,1-31.0,2-32.0,3-31.0,4-28.0,5-32.0,6-25.0,7-29.0
Sat May 17 13:00:25 CEST 2025
30235  F: 136
31797  F: 119
31375  F: 112
30595  F: 12
30250  F: 77
35840  F: 107
33998  F: 76
33531  F: 93
33882  F: 90
30160  F: 85
32533  F: 54
25596  F: 48
29264  F: 46
32753  F: 44
0-34.0,1-31.0,2-38.0,3-38.0,4-37.0,5-40.0,6-49.0,7-37.0
Sat May 17 13:00:56 CEST 2025
30613  F: 136
32252  F: 119
31681  F: 112
30636  F: 12
30267  F: 77
36112  F: 107
34279  F: 76
33531  F: 93
33995  F: 90
30528  F: 85
32808  F: 54
25634  F: 48
29929  F: 46
32760  F: 44
0-39.0,1-33.0,2-40.0,3-54.0,4-33.0,5-36.0,6-27.0,7-30.0
Sat May 17 13:01:26 CEST 2025
30896  F: 136
32380  F: 119
31703  F: 112
31157  F: 12
30267  F: 77
36387  F: 107
34523  F: 76
33546  F: 93
34052  F: 90
30695  F: 85
33075  F: 54
26181  F: 48
30074  F: 46
32775  F: 44
0-29.0,1-28.0,2-32.0,3-33.0,4-30.0,5-32.0,6-34.0,7-30.0
Sat May 17 13:01:57 CEST 2025
31119  F: 136
32390  F: 119
31705  F: 112
31520  F: 12
30267  F: 77
36660  F: 107
34771  F: 76
33546  F: 93
34712  F: 90
30775  F: 85
33202  F: 54
26434  F: 48
30540  F: 46
32781  F: 44
0-36.0,1-53.0,2-38.0,3-43.0,4-34.0,5-36.0,6-32.0,7-30.0
Sat May 17 13:02:27 CEST 2025
31443  F: 136
32392  F: 119
31711  F: 112
31711  F: 12
30447  F: 77
36932  F: 107
34778  F: 76
33546  F: 93
34968  F: 90
31225  F: 85
33554  F: 54
26749  F: 48
30848  F: 46
32781  F: 44
0-34.0,1-31.0,2-32.0,3-32.0,4-31.0,5-30.0,6-26.0,7-27.0
Sat May 17 13:02:57 CEST 2025
31655  F: 136
32402  F: 119
31726  F: 112
32074  F: 12
30725  F: 77
37200  F: 107
34778  F: 76
33546  F: 93
35205  F: 90
31272  F: 85
33897  F: 54
27016  F: 48
31104  F: 46
32785  F: 44
0-33.0,1-35.0,2-44.0,3-46.0,4-34.0,5-35.0,6-29.0,7-30.0
Sat May 17 13:03:28 CEST 2025
31989  F: 136
32412  F: 119
31730  F: 112
32268  F: 12
30999  F: 77
37456  F: 107
34793  F: 76
33614  F: 93
35525  F: 90
31836  F: 85
34143  F: 54
27100  F: 48
31307  F: 46
32795  F: 44
0-33.0,1-28.0,2-38.0,3-33.0,4-33.0,5-35.0,6-26.0,7-29.0
Sat May 17 13:03:58 CEST 2025
32184  F: 136
32416  F: 119
33298  F: 112
32530  F: 12
31165  F: 77
37552  F: 107
34793  F: 76
33703  F: 93
35802  F: 90
32067  F: 85
34445  F: 54
27104  F: 48
31654  F: 46
34835  F: 44
0-47.0,1-42.0,2-51.0,3-67.0,4-42.0,5-52.0,6-37.0,7-40.0
Sat May 17 13:04:28 CEST 2025
32509  F: 136
32420  F: 119
33603  F: 112
32702  F: 12
31171  F: 77
37561  F: 107
34793  F: 76
34273  F: 93
35998  F: 90
32224  F: 85
34719  F: 54
27110  F: 48
31909  F: 46
35147  F: 44
0-32.0,1-32.0,2-37.0,3-32.0,4-32.0,5-36.0,6-27.0,7-32.0
Sat May 17 13:04:59 CEST 2025
32809  F: 136
32420  F: 119
33881  F: 112
33073  F: 12
31186  F: 77
37595  F: 107
34793  F: 76
34548  F: 93
36349  F: 90
32269  F: 85
34779  F: 54
27112  F: 48
31960  F: 46
35253  F: 44
0-31.0,1-36.0,2-32.0,3-31.0,4-28.0,5-30.0,6-29.0,7-28.0
Sat May 17 13:05:29 CEST 2025
33032  F: 136
32435  F: 119
34059  F: 112
33386  F: 12
31201  F: 77
38508  F: 107
34870  F: 76
34825  F: 93
36587  F: 90
32269  F: 85
35229  F: 54
27127  F: 48
32265  F: 46
35504  F: 44
0-37.0,1-32.0,2-41.0,3-53.0,4-32.0,5-38.0,6-27.0,7-31.0
Sat May 17 13:05:59 CEST 2025
33032  F: 136
32435  F: 119
34466  F: 112
33544  F: 12
32340  F: 77
38842  F: 107
34892  F: 76
35080  F: 93
36889  F: 90
32269  F: 85
35524  F: 54
27127  F: 48
32280  F: 46
35506  F: 44
0-32.0,1-29.0,2-33.0,3-31.0,4-29.0,5-32.0,6-32.0,7-29.0
Sat May 17 13:06:30 CEST 2025
33038  F: 136
32435  F: 119
34744  F: 112
33617  F: 12
32619  F: 77
39109  F: 107
35474  F: 76
35247  F: 93
37168  F: 90
32393  F: 85
35674  F: 54
27127  F: 48
32460  F: 46
36125  F: 44
0-34.0,1-39.0,2-36.0,3-38.0,4-31.0,5-36.0,6-28.0,7-29.0
Sat May 17 13:07:00 CEST 2025
33038  F: 136
32435  F: 119
34985  F: 112
33838  F: 12
32854  F: 77
39391  F: 107
35820  F: 76
35581  F: 93
37329  F: 90
32602  F: 85
36030  F: 54
27127  F: 48
32460  F: 46
36516  F: 44
0-37.0,1-33.0,2-45.0,3-40.0,4-40.0,5-59.0,6-35.0,7-37.0
Sat May 17 13:07:30 CEST 2025
33038  F: 136
32652  F: 119
35106  F: 112
34487  F: 12
33099  F: 77
39637  F: 107
36081  F: 76
35818  F: 93
37613  F: 90
33001  F: 85
36354  F: 54
27350  F: 48
32460  F: 46
36609  F: 44
0-36.0,1-32.0,2-39.0,3-39.0,4-33.0,5-38.0,6-33.0,7-32.0
Sat May 17 13:08:01 CEST 2025
33056  F: 136
32875  F: 119
35388  F: 112
34743  F: 12
33460  F: 77
39841  F: 107
36365  F: 76
36163  F: 93
37613  F: 90
33234  F: 85
36536  F: 54
27576  F: 48
32476  F: 46
36609  F: 44
0-33.0,1-29.0,2-39.0,3-39.0,4-35.0,5-51.0,6-30.0,7-36.0
Sat May 17 13:08:31 CEST 2025
33056  F: 136
33088  F: 119
35825  F: 112
35050  F: 12
33516  F: 77
40176  F: 107
36632  F: 76
36462  F: 93
37628  F: 90
33549  F: 85
36843  F: 54
27621  F: 48
32476  F: 46
36609  F: 44
0-34.0,1-37.0,2-33.0,3-34.0,4-30.0,5-31.0,6-26.0,7-29.0
Sat May 17 13:09:02 CEST 2025
33056  F: 136
33406  F: 119
36109  F: 112
35339  F: 12
33516  F: 77
40485  F: 107
36915  F: 76
36738  F: 93
37628  F: 90
33822  F: 85
37032  F: 54
28169  F: 48
32476  F: 46
36624  F: 44
0-33.0,1-32.0,2-36.0,3-35.0,4-30.0,5-35.0,6-25.0,7-30.0
Sat May 17 13:09:32 CEST 2025
33290  F: 136
33713  F: 119
36359  F: 112
35356  F: 12
33516  F: 77
40758  F: 107
37188  F: 76
36946  F: 93
37628  F: 90
33997  F: 85
37348  F: 54
28442  F: 48
32704  F: 46
36624  F: 44
0-33.0,1-33.0,2-37.0,3-38.0,4-33.0,5-50.0,6-28.0,7-38.0
Sat May 17 13:10:02 CEST 2025
33563  F: 136
34003  F: 119
36500  F: 112
35360  F: 12
33531  F: 77
41027  F: 107
37344  F: 76
37285  F: 93
37628  F: 90
34147  F: 85
37637  F: 54
28714  F: 48
32976  F: 46
36624  F: 44
0-32.0,1-34.0,2-38.0,3-33.0,4-35.0,5-39.0,6-29.0,7-32.0
Sat May 17 13:10:33 CEST 2025
33765  F: 136
34252  F: 119
36848  F: 112
36113  F: 12
33531  F: 77
41103  F: 107
37568  F: 76
37447  F: 93
37780  F: 90
34170  F: 85
37956  F: 54
28935  F: 48
33150  F: 46
36831  F: 44
0-34.0,1-29.0,2-35.0,3-36.0,4-29.0,5-34.0,6-27.0,7-31.0
Sat May 17 13:11:03 CEST 2025
34071  F: 136
34469  F: 119
36973  F: 112
36360  F: 12
33531  F: 77
41470  F: 107
38002  F: 76
37692  F: 93
38058  F: 90
34197  F: 85
38263  F: 54
28993  F: 48
33424  F: 46
37137  F: 44
0-40.0,1-33.0,2-43.0,3-57.0,4-36.0,5-41.0,6-28.0,7-32.0
Sat May 17 13:11:33 CEST 2025
34303  F: 136
34509  F: 119
37473  F: 112
36362  F: 12
33770  F: 77
41776  F: 107
38147  F: 76
37976  F: 93
38361  F: 90
35094  F: 85
38485  F: 54
28995  F: 48
33467  F: 46
37377  F: 44
0-35.0,1-36.0,2-38.0,3-36.0,4-31.0,5-36.0,6-29.0,7-31.0
Sat May 17 13:12:04 CEST 2025
34361  F: 136
34519  F: 119
37754  F: 112
36364  F: 12
33963  F: 77
42069  F: 107
38407  F: 76
38316  F: 93
38551  F: 90
35400  F: 85
38762  F: 54
28995  F: 48
34026  F: 46
37658  F: 44
0-54.0,1-50.0,2-69.0,3-57.0,4-57.0,5-64.0,6-51.0,7-51.0
Sat May 17 13:12:34 CEST 2025
34362  F: 136
34520  F: 119
38021  F: 112
36364  F: 12
34296  F: 77
42153  F: 107
38451  F: 76
38645  F: 93
38560  F: 90
35734  F: 85
39013  F: 54
29013  F: 48
34249  F: 46
37716  F: 44
0-34.0,1-30.0,2-42.0,3-34.0,4-38.0,5-35.0,6-43.0,7-31.0
Sat May 17 13:13:05 CEST 2025
34362  F: 136
34522  F: 119
38302  F: 112
36364  F: 12
34323  F: 77
42568  F: 107
38958  F: 76
38673  F: 93
39145  F: 90
35957  F: 85
39268  F: 54
29013  F: 48
34506  F: 46
38116  F: 44
0-85.0,1-50.0,2-96.0,3-89.0,4-59.0,5-86.0,6-37.0,7-54.0
Sat May 17 13:13:35 CEST 2025
34420  F: 136
34538  F: 119
38533  F: 112
36602  F: 12
34323  F: 77
42946  F: 107
39336  F: 76
38688  F: 93
39504  F: 90
36280  F: 85
39280  F: 54
29013  F: 48
34726  F: 46
38438  F: 44
0-32.0,1-34.0,2-35.0,3-33.0,4-30.0,5-34.0,6-31.0,7-29.0
Sat May 17 13:14:05 CEST 2025
34475  F: 136
34538  F: 119
38837  F: 112
36810  F: 12
35086  F: 77
43210  F: 107
39638  F: 76
38688  F: 93
39776  F: 90
36557  F: 85
39291  F: 54
29013  F: 48
35167  F: 46
38782  F: 44
0-49.0,1-40.0,2-58.0,3-58.0,4-49.0,5-55.0,6-40.0,7-46.0
Sat May 17 13:14:36 CEST 2025
35909  F: 136
34538  F: 119
39120  F: 112
37060  F: 12
35117  F: 77
43358  F: 107
39921  F: 76
38688  F: 93
40050  F: 90
36788  F: 85
39291  F: 54
29272  F: 48
35391  F: 46
38996  F: 44
0-32.0,1-28.0,2-36.0,3-32.0,4-31.0,5-36.0,6-28.0,7-32.0
Sat May 17 13:15:06 CEST 2025
36272  F: 136
34538  F: 119
39287  F: 112
37377  F: 12
35604  F: 77
43766  F: 107
40171  F: 76
38688  F: 93
40300  F: 90
36935  F: 85
39306  F: 54
29375  F: 48
35613  F: 46
39328  F: 44
0-34.0,1-32.0,2-39.0,3-37.0,4-36.0,5-37.0,6-31.0,7-34.0
Sat May 17 13:15:37 CEST 2025
36567  F: 136
34791  F: 119
39617  F: 112
37410  F: 12
35652  F: 77
43959  F: 107
40430  F: 76
38896  F: 93
40598  F: 90
37143  F: 85
39306  F: 54
29422  F: 48
35653  F: 46
39582  F: 44
0-35.0,1-32.0,2-39.0,3-35.0,4-38.0,5-44.0,6-30.0,7-35.0
Sat May 17 13:16:07 CEST 2025
36720  F: 136
35084  F: 119
39895  F: 112
37411  F: 12
36234  F: 77
44166  F: 107
40639  F: 76
39017  F: 93
40812  F: 90
37433  F: 85
39306  F: 54
29727  F: 48
35653  F: 46
39861  F: 44
0-39.0,1-34.0,2-38.0,3-37.0,4-32.0,5-38.0,6-28.0,7-33.0
Sat May 17 13:16:37 CEST 2025
36720  F: 136
35352  F: 119
39973  F: 112
37656  F: 12
36501  F: 77
44171  F: 107
40857  F: 76
39508  F: 93
40954  F: 90
37878  F: 85
39569  F: 54
30289  F: 48
35655  F: 46
40104  F: 44
0-30.0,1-28.0,2-34.0,3-33.0,4-31.0,5-36.0,6-30.0,7-31.0
Sat May 17 13:17:08 CEST 2025
36815  F: 136
35629  F: 119
39979  F: 112
38395  F: 12
36758  F: 77
44850  F: 107
40862  F: 76
39785  F: 93
40954  F: 90
38200  F: 85
39867  F: 54
30651  F: 48
36809  F: 46
40425  F: 44
0-36.0,1-32.0,2-39.0,3-36.0,4-32.0,5-35.0,6-42.0,7-31.0
Sat May 17 13:17:38 CEST 2025
36815  F: 136
35859  F: 119
39981  F: 112
38551  F: 12
36969  F: 77
45101  F: 107
40869  F: 76
39969  F: 93
40969  F: 90
38470  F: 85
40111  F: 54
30902  F: 48
36951  F: 46
40698  F: 44
0-33.0,1-31.0,2-36.0,3-36.0,4-32.0,5-35.0,6-28.0,7-28.0
Sat May 17 13:18:09 CEST 2025
36815  F: 136
35877  F: 119
40062  F: 112
39050  F: 12
36969  F: 77
45334  F: 107
40873  F: 76
39982  F: 93
40969  F: 90
38742  F: 85
40405  F: 54
31194  F: 48
37352  F: 46
40968  F: 44
0-43.0,1-32.0,2-65.0,3-52.0,4-49.0,5-45.0,6-32.0,7-36.0
Sat May 17 13:18:39 CEST 2025
36815  F: 136
35877  F: 119
41298  F: 112
39314  F: 12
36983  F: 77
45643  F: 107
40873  F: 76
40579  F: 93
40969  F: 90
38804  F: 85
40656  F: 54
31386  F: 48
37376  F: 46
41239  F: 44
0-30.0,1-27.0,2-35.0,3-37.0,4-30.0,5-35.0,6-29.0,7-30.0
Sat May 17 13:19:09 CEST 2025
36840  F: 136
35907  F: 119
41538  F: 112
39607  F: 12
36983  F: 77
45839  F: 107
40888  F: 76
40879  F: 93
40969  F: 90
39265  F: 85
40960  F: 54
31581  F: 48
37412  F: 46
41517  F: 44
0-43.0,1-54.0,2-46.0,3-44.0,4-40.0,5-43.0,6-51.0,7-36.0
Sat May 17 13:19:40 CEST 2025
37110  F: 136
35955  F: 119
41857  F: 112
39690  F: 12
36983  F: 77
46068  F: 107
40888  F: 76
41101  F: 93
41275  F: 90
39519  F: 85
41233  F: 54
32018  F: 48
37992  F: 46
41790  F: 44
0-33.0,1-29.0,2-35.0,3-35.0,4-31.0,5-35.0,6-32.0,7-33.0
Sat May 17 13:20:10 CEST 2025
37357  F: 136
35966  F: 119
42039  F: 112
40112  F: 12
37011  F: 77
46502  F: 107
40927  F: 76
41378  F: 93
41479  F: 90
39839  F: 85
41447  F: 54
32285  F: 48
37992  F: 46
42065  F: 44
0-38.0,1-35.0,2-53.0,3-38.0,4-36.0,5-36.0,6-29.0,7-30.0
Sat May 17 13:20:41 CEST 2025
37419  F: 136
35984  F: 119
42284  F: 112
40251  F: 12
37193  F: 77
46652  F: 107
41200  F: 76
41422  F: 93
41815  F: 90
40035  F: 85
41780  F: 54
32414  F: 48
38016  F: 46
42325  F: 44
0-34.0,1-32.0,2-35.0,3-34.0,4-29.0,5-34.0,6-26.0,7-29.0
Sat May 17 13:21:11 CEST 2025
37887  F: 136
36965  F: 119
42284  F: 112
40644  F: 12
37553  F: 77
46667  F: 107
41279  F: 76
41446  F: 93
42094  F: 90
40380  F: 85
42054  F: 54
32433  F: 48
38020  F: 46
42556  F: 44
0-40.0,1-33.0,2-41.0,3-36.0,4-31.0,5-41.0,6-26.0,7-39.0
Sat May 17 13:21:41 CEST 2025
38160  F: 136
37163  F: 119
42284  F: 112
40897  F: 12
37668  F: 77
46670  F: 107
41743  F: 76
42247  F: 93
42207  F: 90
40658  F: 85
42252  F: 54
32433  F: 48
38020  F: 46
42556  F: 44
0-36.0,1-37.0,2-40.0,3-38.0,4-52.0,5-38.0,6-31.0,7-33.0
Sat May 17 13:22:12 CEST 2025
38446  F: 136
37548  F: 119
42301  F: 112
41107  F: 12
38082  F: 77
46691  F: 107
41987  F: 76
42458  F: 93
42207  F: 90
40844  F: 85
42337  F: 54
32489  F: 48
38020  F: 46
42556  F: 44
0-36.0,1-39.0,2-40.0,3-37.0,4-34.0,5-40.0,6-31.0,7-32.0
Sat May 17 13:22:42 CEST 2025
38711  F: 136
37622  F: 119
42301  F: 112
41508  F: 12
38332  F: 77
47796  F: 107
42232  F: 76
42705  F: 93
42235  F: 90
40845  F: 85
42827  F: 54
32744  F: 48
38025  F: 46
42572  F: 44
0-35.0,1-29.0,2-44.0,3-36.0,4-40.0,5-38.0,6-46.0,7-32.0
Sat May 17 13:23:12 CEST 2025
39001  F: 136
38093  F: 119
42341  F: 112
41757  F: 12
38645  F: 77
47809  F: 107
42377  F: 76
43064  F: 93
43068  F: 90
40934  F: 85
43136  F: 54
33035  F: 48
38039  F: 46
42572  F: 44
0-30.0,1-27.0,2-35.0,3-33.0,4-37.0,5-36.0,6-28.0,7-29.0
Sat May 17 13:23:43 CEST 2025
39279  F: 136
38315  F: 119
42530  F: 112
42097  F: 12
38864  F: 77
47833  F: 107
42394  F: 76
43256  F: 93
43098  F: 90
41733  F: 85
43367  F: 54
33164  F: 48
38062  F: 46
42572  F: 44
0-40.0,1-53.0,2-42.0,3-40.0,4-52.0,5-40.0,6-33.0,7-33.0
Sat May 17 13:24:13 CEST 2025
39538  F: 136
38642  F: 119
42784  F: 112
42321  F: 12
39126  F: 77
48511  F: 107
43042  F: 76
43479  F: 93
43104  F: 90
42013  F: 85
43588  F: 54
33576  F: 48
40416  F: 46
42612  F: 44
0-39.0,1-33.0,2-41.0,3-55.0,4-33.0,5-38.0,6-30.0,7-32.0
Sat May 17 13:24:44 CEST 2025
39836  F: 136
38915  F: 119
43167  F: 112
42516  F: 12
39390  F: 77
48526  F: 107
43386  F: 76
43877  F: 93
43139  F: 90
42086  F: 85
43950  F: 54
33587  F: 48
40416  F: 46
42902  F: 44
0-36.0,1-30.0,2-41.0,3-35.0,4-38.0,5-36.0,6-32.0,7-32.0
Sat May 17 13:25:14 CEST 2025
39842  F: 136
39023  F: 119
43441  F: 112
42845  F: 12
39539  F: 77
48528  F: 107
43657  F: 76
44161  F: 93
43139  F: 90
42570  F: 85
44242  F: 54
33587  F: 48
40435  F: 46
43177  F: 44
0-37.0,1-31.0,2-39.0,3-34.0,4-36.0,5-35.0,6-30.0,7-30.0
Sat May 17 13:25:45 CEST 2025
39880  F: 136
39276  F: 119
43705  F: 112
43045  F: 12
39553  F: 77
48532  F: 107
43920  F: 76
44350  F: 93
43139  F: 90
42654  F: 85
44504  F: 54
33602  F: 48
40435  F: 46
43420  F: 44
0-32.0,1-31.0,2-38.0,3-33.0,4-38.0,5-35.0,6-35.0,7-31.0
Sat May 17 13:26:15 CEST 2025
39899  F: 136
39277  F: 119
43984  F: 112
43430  F: 12
39557  F: 77
49771  F: 107
44172  F: 76
44671  F: 93
43139  F: 90
43069  F: 85
44779  F: 54
33602  F: 48
40519  F: 46
43684  F: 44
0-37.0,1-33.0,2-59.0,3-37.0,4-37.0,5-38.0,6-31.0,7-39.0
Sat May 17 13:26:45 CEST 2025
40305  F: 136
39280  F: 119
44265  F: 112
43739  F: 12
39557  F: 77
49845  F: 107
44451  F: 76
44977  F: 93
43494  F: 90
43084  F: 85
45059  F: 54
33602  F: 48
40616  F: 46
43871  F: 44
0-31.0,1-31.0,2-35.0,3-33.0,4-31.0,5-36.0,6-30.0,7-30.0
Sat May 17 13:27:16 CEST 2025
41208  F: 136
39280  F: 119
44538  F: 112
43817  F: 12
39572  F: 77
49854  F: 107
44657  F: 76
45158  F: 93
43710  F: 90
43668  F: 85
45086  F: 54
33680  F: 48
40952  F: 46
44263  F: 44
0-36.0,1-35.0,2-41.0,3-41.0,4-32.0,5-35.0,6-30.0,7-30.0
Sat May 17 13:27:46 CEST 2025
41319  F: 136
39294  F: 119
44746  F: 112
43823  F: 12
39572  F: 77
49857  F: 107
44938  F: 76
45158  F: 93
44041  F: 90
43930  F: 85
45155  F: 54
33934  F: 48
41336  F: 46
44533  F: 44
0-39.0,1-35.0,2-43.0,3-40.0,4-38.0,5-41.0,6-33.0,7-53.0
Sat May 17 13:28:16 CEST 2025
41709  F: 136
39294  F: 119
44797  F: 112
44506  F: 12
39640  F: 77
49872  F: 107
45275  F: 76
45173  F: 93
44267  F: 90
44157  F: 85
45865  F: 54
34110  F: 48
41589  F: 46
44756  F: 44
0-34.0,1-30.0,2-38.0,3-34.0,4-33.0,5-35.0,6-35.0,7-42.0
Sat May 17 13:28:47 CEST 2025
41988  F: 136
39294  F: 119
45312  F: 112
44519  F: 12
39685  F: 77
49872  F: 107
45359  F: 76
45173  F: 93
44378  F: 90
44445  F: 85
46149  F: 54
34143  F: 48
41794  F: 46
44967  F: 44
0-32.0,1-32.0,2-36.0,3-31.0,4-34.0,5-35.0,6-29.0,7-32.0
Sat May 17 13:29:17 CEST 2025
42313  F: 136
39326  F: 119
45337  F: 112
45011  F: 12
40084  F: 77
51429  F: 107
45851  F: 76
45190  F: 93
44378  F: 90
44696  F: 85
46260  F: 54
34780  F: 48
42118  F: 46
45118  F: 44
0-34.0,1-31.0,2-39.0,3-34.0,4-45.0,5-37.0,6-41.0,7-34.0
Sat May 17 13:29:48 CEST 2025
42586  F: 136
39641  F: 119
45887  F: 112
45037  F: 12
40086  F: 77
51701  F: 107
46108  F: 76
45548  F: 93
44393  F: 90
44963  F: 85
46308  F: 54
35062  F: 48
42262  F: 46
45607  F: 44
0-35.0,1-31.0,2-38.0,3-38.0,4-31.0,5-38.0,6-27.0,7-32.0
Sat May 17 13:30:18 CEST 2025
42768  F: 136
39660  F: 119
46166  F: 112
45047  F: 12
40100  F: 77
51797  F: 107
46336  F: 76
45818  F: 93
44393  F: 90
44963  F: 85
46956  F: 54
35337  F: 48
42599  F: 46
45853  F: 44
0-34.0,1-32.0,2-37.0,3-36.0,4-31.0,5-34.0,6-27.0,7-30.0
Sat May 17 13:30:49 CEST 2025
42795  F: 136
39669  F: 119
46395  F: 112
45902  F: 12
40121  F: 77
52156  F: 107
46503  F: 76
46035  F: 93
44393  F: 90
44980  F: 85
47235  F: 54
35563  F: 48
42852  F: 46
46162  F: 44
0-32.0,1-29.0,2-35.0,3-34.0,4-31.0,5-35.0,6-31.0,7-29.0
Sat May 17 13:31:19 CEST 2025
42810  F: 136
39669  F: 119
46667  F: 112
46162  F: 12
40123  F: 77
52385  F: 107
46664  F: 76
46177  F: 93
44490  F: 90
44980  F: 85
47514  F: 54
35870  F: 48
43204  F: 46
46357  F: 44
0-33.0,1-28.0,2-36.0,3-33.0,4-37.0,5-35.0,6-29.0,7-33.0
Sat May 17 13:31:50 CEST 2025
42810  F: 136
39691  F: 119
47005  F: 112
46412  F: 12
40123  F: 77
52417  F: 107
47221  F: 76
46183  F: 93
44626  F: 90
44980  F: 85
47775  F: 54
36159  F: 48
43297  F: 46
46359  F: 44
0-34.0,1-29.0,2-33.0,3-31.0,4-30.0,5-33.0,6-31.0,7-30.0
Sat May 17 13:32:20 CEST 2025
42810  F: 136
39701  F: 119
47252  F: 112
46747  F: 12
40997  F: 77
52420  F: 107
47495  F: 76
46189  F: 93
44629  F: 90
45109  F: 85
48014  F: 54
36371  F: 48
43745  F: 46
46362  F: 44
0-34.0,1-31.0,2-38.0,3-35.0,4-34.0,5-36.0,6-32.0,7-33.0
Sat May 17 13:32:51 CEST 2025
42810  F: 136
41304  F: 119
47530  F: 112
46998  F: 12
41000  F: 77
52587  F: 107
47745  F: 76
46216  F: 93
44629  F: 90
45307  F: 85
48184  F: 54
36651  F: 48
43771  F: 46
46381  F: 44
0-32.0,1-32.0,2-36.0,3-34.0,4-33.0,5-36.0,6-28.0,7-31.0
Sat May 17 13:33:21 CEST 2025
42907  F: 136
41543  F: 119
47669  F: 112
47248  F: 12
41000  F: 77
52593  F: 107
47750  F: 76
47416  F: 93
44697  F: 90
45551  F: 85
48599  F: 54
36928  F: 48
44352  F: 46
47559  F: 44
0-45.0,1-59.0,2-47.0,3-48.0,4-43.0,5-45.0,6-32.0,7-36.0
Sat May 17 13:33:51 CEST 2025
43202  F: 136
41785  F: 119
48003  F: 112
47422  F: 12
41000  F: 77
52593  F: 107
47765  F: 76
47724  F: 93
44976  F: 90
45913  F: 85
48766  F: 54
37253  F: 48
44578  F: 46
47832  F: 44
0-34.0,1-29.0,2-39.0,3-35.0,4-33.0,5-35.0,6-31.0,7-30.0
Sat May 17 13:34:22 CEST 2025
43296  F: 136
41909  F: 119
48315  F: 112
47662  F: 12
41017  F: 77
52609  F: 107
47765  F: 76
48001  F: 93
45303  F: 90
46191  F: 85
49149  F: 54
37515  F: 48
44900  F: 46
48056  F: 44
0-34.0,1-31.0,2-38.0,3-36.0,4-31.0,5-35.0,6-27.0,7-31.0
Sat May 17 13:34:52 CEST 2025
43746  F: 136
42035  F: 119
48365  F: 112
48116  F: 12
41017  F: 77
52609  F: 107
47765  F: 76
48004  F: 93
45449  F: 90
46412  F: 85
49296  F: 54
37791  F: 48
45175  F: 46
48068  F: 44
0-32.0,1-31.0,2-36.0,3-33.0,4-42.0,5-34.0,6-32.0,7-32.0
Sat May 17 13:35:23 CEST 2025
43964  F: 136
42680  F: 119
48858  F: 112
48325  F: 12
41113  F: 77
52609  F: 107
47861  F: 76
48004  F: 93
45759  F: 90
46429  F: 85
49574  F: 54
37919  F: 48
45414  F: 46
48081  F: 44
0-33.0,1-29.0,2-38.0,3-34.0,4-33.0,5-39.0,6-32.0,7-32.0
Sat May 17 13:35:53 CEST 2025
44293  F: 136
42718  F: 119
48990  F: 112
48369  F: 12
41432  F: 77
52609  F: 107
48188  F: 76
48004  F: 93
45811  F: 90
46941  F: 85
49789  F: 54
38292  F: 48
45720  F: 46
48084  F: 44
0-31.0,1-28.0,2-33.0,3-31.0,4-35.0,5-30.0,6-29.0,7-29.0
Sat May 17 13:36:24 CEST 2025
44511  F: 136
42726  F: 119
49006  F: 112
48833  F: 12
41698  F: 77
52764  F: 107
48335  F: 76
48005  F: 93
45812  F: 90
47248  F: 85
50242  F: 54
38601  F: 48
45805  F: 46
48084  F: 44
0-35.0,1-30.0,2-40.0,3-37.0,4-32.0,5-35.0,6-28.0,7-29.0
Sat May 17 13:36:54 CEST 2025
44793  F: 136
42734  F: 119
49705  F: 112
48844  F: 12
41977  F: 77
52987  F: 107
48697  F: 76
48045  F: 93
46530  F: 90
47544  F: 85
50541  F: 54
38888  F: 48
46054  F: 46
48098  F: 44
0-39.0,1-32.0,2-40.0,3-40.0,4-33.0,5-38.0,6-30.0,7-31.0
Sat May 17 13:37:25 CEST 2025
44876  F: 136
42737  F: 119
49982  F: 112
48844  F: 12
42210  F: 77
53038  F: 107
48975  F: 76
48476  F: 93
46584  F: 90
47812  F: 85
50781  F: 54
39151  F: 48
46071  F: 46
48098  F: 44
0-54.0,1-31.0,2-41.0,3-36.0,4-38.0,5-40.0,6-33.0,7-34.0
Sat May 17 13:37:55 CEST 2025
45273  F: 136
42754  F: 119
50270  F: 112
49718  F: 12
42529  F: 77
53198  F: 107
49281  F: 76
48849  F: 93
46585  F: 90
48065  F: 85
51090  F: 54
39366  F: 48
46752  F: 46
48098  F: 44
0-34.0,1-38.0,2-38.0,3-34.0,4-37.0,5-39.0,6-36.0,7-34.0
Sat May 17 13:38:25 CEST 2025
45497  F: 136
42754  F: 119
50299  F: 112
49757  F: 12
42617  F: 77
53829  F: 107
49558  F: 76
49242  F: 93
46585  F: 90
48242  F: 85
51293  F: 54
39689  F: 48
47002  F: 46
48250  F: 44
0-35.0,1-31.0,2-35.0,3-34.0,4-31.0,5-33.0,6-30.0,7-30.0
Sat May 17 13:38:56 CEST 2025
45802  F: 136
44594  F: 119
50820  F: 112
49792  F: 12
42929  F: 77
53880  F: 107
49833  F: 76
49248  F: 93
46917  F: 90
48249  F: 85
51294  F: 54
39995  F: 48
47365  F: 46
48528  F: 44
0-34.0,1-29.0,2-38.0,3-34.0,4-35.0,5-37.0,6-28.0,7-32.0
Sat May 17 13:39:26 CEST 2025
46129  F: 136
44874  F: 119
51114  F: 112
50422  F: 12
43350  F: 77
54323  F: 107
50033  F: 76
49799  F: 93
48054  F: 90
48293  F: 85
51320  F: 54
40201  F: 48
47641  F: 46
48807  F: 44
0-33.0,1-30.0,2-35.0,3-34.0,4-31.0,5-34.0,6-32.0,7-33.0
Sat May 17 13:39:57 CEST 2025
46488  F: 136
45147  F: 119
51345  F: 112
50436  F: 12
43536  F: 77
54626  F: 107
50380  F: 76
50049  F: 93
48328  F: 90
48293  F: 85
51321  F: 54
40257  F: 48
47892  F: 46
49085  F: 44
0-34.0,1-30.0,2-39.0,3-34.0,4-44.0,5-37.0,6-30.0,7-32.0
Sat May 17 13:40:27 CEST 2025
46749  F: 136
45378  F: 119
51423  F: 112
50966  F: 12
43619  F: 77
54958  F: 107
50591  F: 76
50356  F: 93
48602  F: 90
48487  F: 85
52434  F: 54
40257  F: 48
48190  F: 46
49308  F: 44
0-32.0,1-29.0,2-37.0,3-33.0,4-41.0,5-35.0,6-34.0,7-32.0
Sat May 17 13:40:58 CEST 2025
47027  F: 136
45505  F: 119
51902  F: 112
51357  F: 12
44095  F: 77
55061  F: 107
50872  F: 76
50630  F: 93
48875  F: 90
48751  F: 85
52734  F: 54
40257  F: 48
48421  F: 46
49445  F: 44
0-33.0,1-33.0,2-37.0,3-36.0,4-32.0,5-35.0,6-29.0,7-38.0
Sat May 17 13:41:28 CEST 2025
47311  F: 136
45968  F: 119
52180  F: 112
51627  F: 12
44315  F: 77
55252  F: 107
51143  F: 76
50782  F: 93
49084  F: 90
49030  F: 85
52894  F: 54
40299  F: 48
48727  F: 46
49717  F: 44
0-34.0,1-33.0,2-35.0,3-39.0,4-31.0,5-36.0,6-26.0,7-30.0
Sat May 17 13:41:58 CEST 2025
47584  F: 136
46237  F: 119
52459  F: 112
51948  F: 12
44705  F: 77
55696  F: 107
51200  F: 76
50830  F: 93
49418  F: 90
49301  F: 85
53153  F: 54
40299  F: 48
48994  F: 46
49717  F: 44
0-33.0,1-30.0,2-37.0,3-39.0,4-32.0,5-38.0,6-29.0,7-34.0
Sat May 17 13:42:29 CEST 2025
47828  F: 136
46482  F: 119
52461  F: 112
52118  F: 12
44889  F: 77
55910  F: 107
51624  F: 76
51297  F: 93
49643  F: 90
49531  F: 85
53534  F: 54
40433  F: 48
49228  F: 46
49733  F: 44
0-30.0,1-28.0,2-33.0,3-29.0,4-32.0,5-33.0,6-29.0,7-30.0
Sat May 17 13:42:59 CEST 2025
48134  F: 136
46525  F: 119
52461  F: 112
52241  F: 12
44945  F: 77
56198  F: 107
52022  F: 76
51724  F: 93
49972  F: 90
49762  F: 85
53813  F: 54
40493  F: 48
49266  F: 46
49733  F: 44
0-36.0,1-31.0,2-39.0,3-36.0,4-35.0,5-37.0,6-32.0,7-31.0
Sat May 17 13:43:30 CEST 2025
48407  F: 136
47042  F: 119
52479  F: 112
52242  F: 12
44959  F: 77
56210  F: 107
52275  F: 76
51948  F: 93
50163  F: 90
50127  F: 85
54091  F: 54
40786  F: 48
49284  F: 46
49733  F: 44
0-34.0,1-32.0,2-35.0,3-33.0,4-30.0,5-34.0,6-26.0,7-29.0
Sat May 17 13:44:00 CEST 2025
48490  F: 136
47099  F: 119
52479  F: 112
52245  F: 12
45316  F: 77
56851  F: 107
52365  F: 76
52189  F: 93
50197  F: 90
50375  F: 85
54342  F: 54
41231  F: 48
49299  F: 46
49733  F: 44
0-34.0,1-33.0,2-38.0,3-35.0,4-31.0,5-34.0,6-28.0,7-29.0
Sat May 17 13:44:31 CEST 2025
48493  F: 136
47608  F: 119
52479  F: 112
52245  F: 12
45888  F: 77
56990  F: 107
52365  F: 76
52547  F: 93
50213  F: 90
50673  F: 85
54648  F: 54
41231  F: 48
49299  F: 46
49733  F: 44
0-37.0,1-32.0,2-43.0,3-39.0,4-41.0,5-60.0,6-36.0,7-40.0
Sat May 17 13:45:01 CEST 2025
48495  F: 136
47794  F: 119
52479  F: 112
52245  F: 12
46359  F: 77
57028  F: 107
52382  F: 76
52821  F: 93
50213  F: 90
50951  F: 85
54888  F: 54
41245  F: 48
49299  F: 46
50217  F: 44
0-30.0,1-31.0,2-33.0,3-31.0,4-31.0,5-35.0,6-25.0,7-30.0
Sat May 17 13:45:32 CEST 2025
48495  F: 136
48076  F: 119
52642  F: 112
52369  F: 12
46638  F: 77
57409  F: 107
52382  F: 76
52948  F: 93
50213  F: 90
51090  F: 85
54954  F: 54
41245  F: 48
49523  F: 46
50442  F: 44
0-34.0,1-33.0,2-41.0,3-37.0,4-37.0,5-37.0,6-28.0,7-30.0
Sat May 17 13:46:02 CEST 2025
48495  F: 136
48430  F: 119
52881  F: 112
52409  F: 12
46823  F: 77
57493  F: 107
52382  F: 76
53338  F: 93
50213  F: 90
51090  F: 85
55322  F: 54
41245  F: 48
49758  F: 46
50776  F: 44
0-34.0,1-31.0,2-38.0,3-36.0,4-37.0,5-36.0,6-31.0,7-32.0
Sat May 17 13:46:32 CEST 2025
48599  F: 136
48573  F: 119
52901  F: 112
52648  F: 12
47055  F: 77
58118  F: 107
52620  F: 76
53525  F: 93
50420  F: 90
51105  F: 85
55475  F: 54
41453  F: 48
49822  F: 46
51056  F: 44
0-36.0,1-33.0,2-38.0,3-36.0,4-32.0,5-34.0,6-30.0,7-31.0
Sat May 17 13:47:03 CEST 2025
48907  F: 136
48967  F: 119
52938  F: 112
52648  F: 12
47059  F: 77
58356  F: 107
52894  F: 76
53564  F: 93
50559  F: 90
51105  F: 85
55985  F: 54
41596  F: 48
50147  F: 46
51305  F: 44
0-34.0,1-28.0,2-38.0,3-35.0,4-34.0,5-37.0,6-28.0,7-30.0
Sat May 17 13:47:33 CEST 2025
49203  F: 136
49175  F: 119
53750  F: 112
52663  F: 12
47072  F: 77
58681  F: 107
53121  F: 76
54074  F: 93
50997  F: 90
51105  F: 85
56293  F: 54
41649  F: 48
50619  F: 46
51362  F: 44
0-39.0,1-53.0,2-38.0,3-39.0,4-31.0,5-34.0,6-27.0,7-30.0
Sat May 17 13:48:04 CEST 2025
49203  F: 136
49219  F: 119
54050  F: 112
52663  F: 12
47090  F: 77
58922  F: 107
53424  F: 76
54368  F: 93
51269  F: 90
51105  F: 85
56569  F: 54
42149  F: 48
50726  F: 46
51862  F: 44
0-54.0,1-50.0,2-75.0,3-55.0,4-51.0,5-58.0,6-42.0,7-45.0
Sat May 17 13:48:34 CEST 2025
49218  F: 136
49556  F: 119
54351  F: 112
52663  F: 12
47090  F: 77
59274  F: 107
53657  F: 76
54741  F: 93
51544  F: 90
51229  F: 85
56845  F: 54
42539  F: 48
51156  F: 46
51890  F: 44
0-39.0,1-33.0,2-42.0,3-40.0,4-42.0,5-42.0,6-53.0,7-36.0
Sat May 17 13:49:05 CEST 2025
49218  F: 136
50049  F: 119
54580  F: 112
52663  F: 12
47090  F: 77
59314  F: 107
53953  F: 76
54897  F: 93
51729  F: 90
51229  F: 85
57118  F: 54
42753  F: 48
51372  F: 46
52399  F: 44
0-64.0,1-48.0,2-86.0,3-86.0,4-61.0,5-87.0,6-42.0,7-69.0
Sat May 17 13:49:35 CEST 2025
49218  F: 136
50354  F: 119
54635  F: 112
52914  F: 12
47297  F: 77
59822  F: 107
54109  F: 76
54907  F: 93
51758  F: 90
51244  F: 85
57392  F: 54
43040  F: 48
51651  F: 46
52594  F: 44
0-31.0,1-28.0,2-36.0,3-31.0,4-32.0,5-33.0,6-35.0,7-30.0
Sat May 17 13:50:06 CEST 2025
49218  F: 136
50589  F: 119
54997  F: 112
53192  F: 12
47616  F: 77
59862  F: 107
54538  F: 76
55510  F: 93
52148  F: 90
51244  F: 85
57657  F: 54
43062  F: 48
51662  F: 46
52943  F: 44
0-53.0,1-42.0,2-59.0,3-58.0,4-50.0,5-55.0,6-36.0,7-46.0
Sat May 17 13:50:36 CEST 2025
49479  F: 136
50884  F: 119
55031  F: 112
53434  F: 12
47828  F: 77
60416  F: 107
54633  F: 76
55732  F: 93
52564  F: 90
51244  F: 85
57941  F: 54
43062  F: 48
51679  F: 46
53230  F: 44
0-47.0,1-31.0,2-38.0,3-37.0,4-33.0,5-37.0,6-31.0,7-35.0
Sat May 17 13:51:07 CEST 2025
49760  F: 136
51079  F: 119
55720  F: 112
53678  F: 12
47938  F: 77
60702  F: 107
55016  F: 76
56066  F: 93
52904  F: 90
51244  F: 85
58212  F: 54
43080  F: 48
51679  F: 46
53523  F: 44
0-44.0,1-36.0,2-49.0,3-43.0,4-59.0,5-47.0,6-37.0,7-41.0
Sat May 17 13:51:37 CEST 2025
49927  F: 136
51391  F: 119
55972  F: 112
53895  F: 12
47938  F: 77
60794  F: 107
55362  F: 76
56321  F: 93
53187  F: 90
51517  F: 85
58269  F: 54
43080  F: 48
51679  F: 46
53797  F: 44
0-34.0,1-31.0,2-40.0,3-37.0,4-31.0,5-37.0,6-25.0,7-30.0
Sat May 17 13:52:08 CEST 2025
49983  F: 136
51720  F: 119
56222  F: 112
54157  F: 12
47939  F: 77
61251  F: 107
55637  F: 76
56595  F: 93
53299  F: 90
51740  F: 85
58269  F: 54
43080  F: 48
51693  F: 46
54042  F: 44
0-35.0,1-42.0,2-40.0,3-36.0,4-33.0,5-39.0,6-32.0,7-33.0
Sat May 17 13:52:38 CEST 2025
49985  F: 136
51998  F: 119
56544  F: 112
54412  F: 12
48225  F: 77
61536  F: 107
55708  F: 76
56930  F: 93
53348  F: 90
51965  F: 85
58284  F: 54
43121  F: 48
51693  F: 46
54104  F: 44
0-34.0,1-29.0,2-39.0,3-36.0,4-38.0,5-35.0,6-30.0,7-30.0
Sat May 17 13:53:08 CEST 2025
49997  F: 136
52272  F: 119
56807  F: 112
54420  F: 12
48499  F: 77
61701  F: 107
55708  F: 76
57208  F: 93
53994  F: 90
52160  F: 85
58284  F: 54
43499  F: 48
51720  F: 46
54605  F: 44
0-34.0,1-31.0,2-37.0,3-35.0,4-39.0,5-35.0,6-29.0,7-37.0
Sat May 17 13:53:39 CEST 2025
51032  F: 136
52548  F: 119
57041  F: 112
55098  F: 12
48591  F: 77
62044  F: 107
55708  F: 76
57403  F: 93
54094  F: 90
52209  F: 85
58284  F: 54
43510  F: 48
51941  F: 46
54894  F: 44
0-36.0,1-37.0,2-36.0,3-38.0,4-37.0,5-34.0,6-27.0,7-30.0
Sat May 17 13:54:09 CEST 2025
51366  F: 136
52822  F: 119
57364  F: 112
55170  F: 12
48619  F: 77
62359  F: 107
55723  F: 76
57688  F: 93
54440  F: 90
52788  F: 85
58319  F: 54
43528  F: 48
52236  F: 46
55168  F: 44
0-39.0,1-35.0,2-41.0,3-38.0,4-38.0,5-37.0,6-48.0,7-33.0
Sat May 17 13:54:40 CEST 2025
51617  F: 136
53049  F: 119
57641  F: 112
55627  F: 12
49259  F: 77
62618  F: 107
55723  F: 76
57960  F: 93
54821  F: 90
52966  F: 85
58593  F: 54
44469  F: 48
52541  F: 46
55231  F: 44
0-34.0,1-35.0,2-39.0,3-35.0,4-36.0,5-49.0,6-33.0,7-35.0
Sat May 17 13:55:10 CEST 2025
51951  F: 136
53354  F: 119
57915  F: 112
55848  F: 12
49594  F: 77
62755  F: 107
55745  F: 76
58305  F: 93
55092  F: 90
53406  F: 85
58630  F: 54
44741  F: 48
52817  F: 46
55237  F: 44
0-38.0,1-35.0,2-43.0,3-43.0,4-37.0,5-43.0,6-32.0,7-38.0
Sat May 17 13:55:41 CEST 2025
52207  F: 136
53394  F: 119
58171  F: 112
56036  F: 12
49869  F: 77
62786  F: 107
56014  F: 76
58442  F: 93
55378  F: 90
53655  F: 85
59132  F: 54
45018  F: 48
52820  F: 46
55274  F: 44
0-35.0,1-29.0,2-39.0,3-34.0,4-31.0,5-34.0,6-27.0,7-31.0
Sat May 17 13:56:12 CEST 2025
52504  F: 136
53839  F: 119
58450  F: 112
56124  F: 12
49890  F: 77
63262  F: 107
56316  F: 76
58445  F: 93
55663  F: 90
53857  F: 85
59423  F: 54
45103  F: 48
53349  F: 46
55708  F: 44
0-39.0,1-40.0,2-47.0,3-61.0,4-59.0,5-44.0,6-34.0,7-35.0
Sat May 17 13:56:44 CEST 2025
52765  F: 136
54047  F: 119
58505  F: 112
56679  F: 12
50404  F: 77
63736  F: 107
56581  F: 76
58462  F: 93
55942  F: 90
54073  F: 85
59689  F: 54
45121  F: 48
53599  F: 46
56485  F: 44
0-30.0,1-30.0,2-34.0,3-31.0,4-32.0,5-35.0,6-29.0,7-33.0
Sat May 17 13:57:14 CEST 2025
53065  F: 136
54276  F: 119
58505  F: 112
57008  F: 12
50708  F: 77
64007  F: 107
56838  F: 76
58462  F: 93
56111  F: 90
54111  F: 85
59939  F: 54
45121  F: 48
53822  F: 46
56790  F: 44
0-36.0,1-31.0,2-35.0,3-36.0,4-29.0,5-32.0,6-26.0,7-33.0
Sat May 17 13:57:45 CEST 2025
53316  F: 136
54755  F: 119
58505  F: 112
57246  F: 12
50880  F: 77
64292  F: 107
56848  F: 76
58462  F: 93
56362  F: 90
54779  F: 85
60254  F: 54
45121  F: 48
53872  F: 46
56818  F: 44
0-37.0,1-32.0,2-36.0,3-36.0,4-30.0,5-33.0,6-26.0,7-28.0
Sat May 17 13:58:15 CEST 2025
53566  F: 136
54950  F: 119
58517  F: 112
57583  F: 12
51094  F: 77
64567  F: 107
57423  F: 76
58512  F: 93
56770  F: 90
55106  F: 85
60496  F: 54
45147  F: 48
54140  F: 46
56863  F: 44
0-34.0,1-33.0,2-40.0,3-35.0,4-52.0,5-37.0,6-41.0,7-33.0
Sat May 17 13:58:45 CEST 2025
53884  F: 136
55298  F: 119
58522  F: 112
57789  F: 12
51522  F: 77
64729  F: 107
57643  F: 76
58515  F: 93
56854  F: 90
55365  F: 85
60729  F: 54
45431  F: 48
54741  F: 46
57431  F: 44
0-38.0,1-32.0,2-40.0,3-37.0,4-34.0,5-37.0,6-35.0,7-33.0
Sat May 17 13:59:16 CEST 2025
54163  F: 136
55580  F: 119
58687  F: 112
58007  F: 12
51775  F: 77
64937  F: 107
57657  F: 76
58562  F: 93
57193  F: 90
55631  F: 85
61061  F: 54
45743  F: 48
55019  F: 46
57790  F: 44
0-41.0,1-57.0,2-45.0,3-48.0,4-38.0,5-44.0,6-32.0,7-36.0
Sat May 17 13:59:46 CEST 2025
54401  F: 136
55855  F: 119
60377  F: 112
58031  F: 12
52041  F: 77
65037  F: 107
57657  F: 76
59269  F: 93
57359  F: 90
55921  F: 85
61184  F: 54
45962  F: 48
55287  F: 46
58192  F: 44
0-37.0,1-32.0,2-41.0,3-37.0,4-36.0,5-39.0,6-39.0,7-36.0
Sat May 17 14:00:19 CEST 2025
54525  F: 136
55959  F: 119
60566  F: 112
58662  F: 12
52102  F: 77
65061  F: 107
57671  F: 76
59597  F: 93
57782  F: 90
56199  F: 85
61646  F: 54
45974  F: 48
55493  F: 46
58496  F: 44
0-76.0,1-45.0,2-89.0,3-58.0,4-79.0,5-61.0,6-62.0,7-52.0
Sat May 17 14:00:50 CEST 2025
54528  F: 136
56424  F: 119
60594  F: 112
58885  F: 12
52111  F: 77
65871  F: 107
57671  F: 76
59930  F: 93
57831  F: 90
56497  F: 85
61737  F: 54
45974  F: 48
55541  F: 46
58767  F: 44
0-41.0,1-36.0,2-42.0,3-41.0,4-33.0,5-38.0,6-28.0,7-30.0
Sat May 17 14:01:22 CEST 2025
54553  F: 136
56671  F: 119
60607  F: 112
58895  F: 12
52389  F: 77
66133  F: 107
57799  F: 76
60199  F: 93
58268  F: 90
56784  F: 85
62111  F: 54
46106  F: 48
56159  F: 46
59046  F: 44
0-60.0,1-53.0,2-58.0,3-50.0,4-46.0,5-56.0,6-35.0,7-42.0
Sat May 17 14:01:53 CEST 2025
55396  F: 136
56936  F: 119
60607  F: 112
58895  F: 12
53216  F: 77
66242  F: 107
58089  F: 76
60483  F: 93
58680  F: 90
57062  F: 85
62154  F: 54
46394  F: 48
56372  F: 46
59296  F: 44
0-43.0,1-36.0,2-50.0,3-44.0,4-51.0,5-47.0,6-34.0,7-37.0
Sat May 17 14:02:23 CEST 2025
55819  F: 136
56936  F: 119
60748  F: 112
58912  F: 12
53433  F: 77
66271  F: 107
58299  F: 76
60606  F: 93
59003  F: 90
57302  F: 85
62696  F: 54
46669  F: 48
56707  F: 46
59350  F: 44
0-41.0,1-45.0,2-44.0,3-45.0,4-35.0,5-42.0,6-29.0,7-35.0
Sat May 17 14:02:54 CEST 2025
56006  F: 136
56951  F: 119
60748  F: 112
58912  F: 12
53740  F: 77
67071  F: 107
58420  F: 76
61035  F: 93
59244  F: 90
57601  F: 85
62967  F: 54
46943  F: 48
56969  F: 46
59809  F: 44
0-38.0,1-38.0,2-41.0,3-40.0,4-36.0,5-38.0,6-34.0,7-35.0
Sat May 17 14:03:24 CEST 2025
56348  F: 136
56951  F: 119
60748  F: 112
58912  F: 12
53808  F: 77
67350  F: 107
58910  F: 76
61325  F: 93
59549  F: 90
57849  F: 85
63030  F: 54
47101  F: 48
57163  F: 46
59892  F: 44
0-40.0,1-48.0,2-46.0,3-45.0,4-40.0,5-45.0,6-36.0,7-37.0
Sat May 17 14:03:55 CEST 2025
56674  F: 136
56951  F: 119
60748  F: 112
58912  F: 12
54245  F: 77
67602  F: 107
59187  F: 76
61425  F: 93
59772  F: 90
58091  F: 85
63447  F: 54
47128  F: 48
57526  F: 46
60435  F: 44
0-42.0,1-37.0,2-50.0,3-45.0,4-39.0,5-45.0,6-35.0,7-46.0
Sat May 17 14:04:25 CEST 2025
56905  F: 136
56978  F: 119
60816  F: 112
58980  F: 12
54575  F: 77
67900  F: 107
59400  F: 76
61438  F: 93
60099  F: 90
58294  F: 85
63860  F: 54
47128  F: 48
57798  F: 46
60597  F: 44
0-43.0,1-38.0,2-43.0,3-42.0,4-35.0,5-41.0,6-33.0,7-33.0
Sat May 17 14:04:56 CEST 2025
57183  F: 136
57349  F: 119
60816  F: 112
59261  F: 12
54864  F: 77
68173  F: 107
59422  F: 76
61619  F: 93
60190  F: 90
58621  F: 85
63893  F: 54
47128  F: 48
57833  F: 46
60605  F: 44
0-39.0,1-33.0,2-45.0,3-42.0,4-38.0,5-45.0,6-32.0,7-36.0
Sat May 17 14:05:26 CEST 2025
57462  F: 136
57541  F: 119
60820  F: 112
59264  F: 12
55132  F: 77
68431  F: 107
59861  F: 76
61621  F: 93
60580  F: 90
58983  F: 85
64394  F: 54
47185  F: 48
57834  F: 46
61245  F: 44
0-40.0,1-36.0,2-45.0,3-44.0,4-38.0,5-43.0,6-35.0,7-36.0
Sat May 17 14:05:57 CEST 2025
57596  F: 136
57549  F: 119
60823  F: 112
59264  F: 12
55411  F: 77
68510  F: 107
60286  F: 76
62698  F: 93
60926  F: 90
59260  F: 85
64450  F: 54
47587  F: 48
57835  F: 46
61529  F: 44
0-42.0,1-41.0,2-45.0,3-42.0,4-44.0,5-42.0,6-31.0,7-42.0
Sat May 17 14:06:27 CEST 2025
57908  F: 136
58054  F: 119
60859  F: 112
59280  F: 12
55633  F: 77
68968  F: 107
60440  F: 76
62789  F: 93
61081  F: 90
59505  F: 85
64450  F: 54
47669  F: 48
57957  F: 46
61774  F: 44
0-46.0,1-36.0,2-48.0,3-49.0,4-38.0,5-47.0,6-30.0,7-38.0
Sat May 17 14:06:58 CEST 2025
58213  F: 136
58412  F: 119
62165  F: 112
59280  F: 12
55939  F: 77
68970  F: 107
60830  F: 76
62789  F: 93
61449  F: 90
59724  F: 85
64479  F: 54
48084  F: 48
58834  F: 46
62085  F: 44
0-39.0,1-36.0,2-47.0,3-40.0,4-49.0,5-44.0,6-37.0,7-39.0
Sat May 17 14:07:31 CEST 2025
58376  F: 136
58446  F: 119
62403  F: 112
59308  F: 12
56190  F: 77
68972  F: 107
61052  F: 76
62859  F: 93
61471  F: 90
59752  F: 85
64520  F: 54
48365  F: 48
58834  F: 46
62320  F: 44
0-24.0,1-25.0,2-26.0,3-25.0,4-23.0,5-25.0,6-23.0,7-23.0
Sat May 17 14:08:15 CEST 2025
58993  F: 136
59052  F: 119
62703  F: 112
59606  F: 12
56268  F: 77
69003  F: 107
61234  F: 76
63919  F: 93
61916  F: 90
60403  F: 85
65732  F: 54
48365  F: 48
59619  F: 46
62331  F: 44
0-34.0,1-32.0,2-38.0,3-35.0,4-34.0,5-52.0,6-29.0,7-33.0
Sat May 17 14:08:50 CEST 2025
59305  F: 136
59461  F: 119
62722  F: 112
59606  F: 12
56642  F: 77
69003  F: 107
61487  F: 76
64254  F: 93
62443  F: 90
60612  F: 85
66115  F: 54
49145  F: 48
59626  F: 46
62331  F: 44
0-37.0,1-32.0,2-43.0,3-41.0,4-38.0,5-38.0,6-33.0,7-41.0
Sat May 17 14:09:21 CEST 2025
59604  F: 136
59568  F: 119
63433  F: 112
59687  F: 12
56660  F: 77
69126  F: 107
62055  F: 76
64448  F: 93
62743  F: 90
60780  F: 85
66185  F: 54
49411  F: 48
59626  F: 46
62346  F: 44
0-34.0,1-32.0,2-38.0,3-34.0,4-36.0,5-36.0,6-55.0,7-34.0
Sat May 17 14:09:52 CEST 2025
59789  F: 136
60031  F: 119
63740  F: 112
59981  F: 12
56660  F: 77
69323  F: 107
62378  F: 76
64753  F: 93
63002  F: 90
61257  F: 85
66700  F: 54
49616  F: 48
59626  F: 46
62346  F: 44
0-36.0,1-36.0,2-43.0,3-37.0,4-40.0,5-41.0,6-39.0,7-37.0
Sat May 17 14:10:22 CEST 2025
59832  F: 136
60244  F: 119
63740  F: 112
60124  F: 12
56660  F: 77
69628  F: 107
62547  F: 76
64844  F: 93
63169  F: 90
61590  F: 85
67062  F: 54
49741  F: 48
59751  F: 46
62416  F: 44
0-41.0,1-43.0,2-42.0,3-44.0,4-34.0,5-41.0,6-33.0,7-33.0
Sat May 17 14:10:53 CEST 2025
59835  F: 136
60582  F: 119
63767  F: 112
60488  F: 12
56660  F: 77
69916  F: 107
62548  F: 76
64869  F: 93
63169  F: 90
61851  F: 85
67284  F: 54
50249  F: 48
60017  F: 46
62755  F: 44
0-46.0,1-38.0,2-48.0,3-46.0,4-44.0,5-44.0,6-35.0,7-36.0
Sat May 17 14:11:23 CEST 2025
59839  F: 136
60779  F: 119
63767  F: 112
60552  F: 12
56812  F: 77
70233  F: 107
62564  F: 76
65488  F: 93
63169  F: 90
62130  F: 85
67571  F: 54
50528  F: 48
60240  F: 46
63039  F: 44
0-41.0,1-36.0,2-64.0,3-41.0,4-47.0,5-45.0,6-39.0,7-40.0
Sat May 17 14:11:54 CEST 2025
60987  F: 136
60838  F: 119
63767  F: 112
60884  F: 12
56925  F: 77
70315  F: 107
62564  F: 76
65871  F: 93
63169  F: 90
62464  F: 85
67758  F: 54
50782  F: 48
60592  F: 46
63052  F: 44
0-42.0,1-38.0,2-44.0,3-41.0,4-38.0,5-44.0,6-31.0,7-37.0
Sat May 17 14:12:25 CEST 2025
61109  F: 136
61389  F: 119
63767  F: 112
61299  F: 12
56999  F: 77
70596  F: 107
62564  F: 76
66010  F: 93
63170  F: 90
62687  F: 85
67774  F: 54
51077  F: 48
60699  F: 46
63055  F: 44
0-45.0,1-38.0,2-50.0,3-47.0,4-37.0,5-49.0,6-33.0,7-37.0
Sat May 17 14:12:55 CEST 2025
61138  F: 136
61636  F: 119
64172  F: 112
61537  F: 12
57551  F: 77
70889  F: 107
62564  F: 76
66010  F: 93
63516  F: 90
62815  F: 85
67782  F: 54
51197  F: 48
61142  F: 46
63823  F: 44
0-40.0,1-43.0,2-47.0,3-42.0,4-50.0,5-46.0,6-37.0,7-38.0
Sat May 17 14:13:33 CEST 2025
61138  F: 136
61697  F: 119
64503  F: 112
61777  F: 12
57831  F: 77
71396  F: 107
62695  F: 76
66069  F: 93
63821  F: 90
63063  F: 85
68078  F: 54
51238  F: 48
61422  F: 46
64124  F: 44
0-33.0,1-29.0,2-46.0,3-36.0,4-44.0,5-33.0,6-30.0,7-32.0
Sat May 17 14:14:16 CEST 2025
61138  F: 136
62247  F: 119
64854  F: 112
62300  F: 12
58340  F: 77
71431  F: 107
62943  F: 76
67180  F: 93
64318  F: 90
63662  F: 85
68781  F: 54
51414  F: 48
61783  F: 46
64581  F: 44
0-28.0,1-31.0,2-41.0,3-28.0,4-28.0,5-28.0,6-26.0,7-27.0
Sat May 17 14:14:50 CEST 2025
61234  F: 136
62561  F: 119
65065  F: 112
62565  F: 12
58637  F: 77
71452  F: 107
63469  F: 76
67233  F: 93
64541  F: 90
64061  F: 85
68795  F: 54
52110  F: 48
62177  F: 46
64905  F: 44
0-36.0,1-30.0,2-39.0,3-35.0,4-32.0,5-35.0,6-28.0,7-32.0
Sat May 17 14:15:21 CEST 2025
61240  F: 136
62581  F: 119
65394  F: 112
62877  F: 12
58938  F: 77
71452  F: 107
63471  F: 76
67765  F: 93
64909  F: 90
64314  F: 85
68796  F: 54
52655  F: 48
62374  F: 46
65171  F: 44
0-34.0,1-30.0,2-36.0,3-33.0,4-34.0,5-35.0,6-30.0,7-32.0
Sat May 17 14:15:52 CEST 2025
61240  F: 136
63266  F: 119
65624  F: 112
63109  F: 12
58943  F: 77
72591  F: 107
63471  F: 76
68047  F: 93
65193  F: 90
64526  F: 85
69004  F: 54
52765  F: 48
62399  F: 46
65412  F: 44
0-25.0,1-26.0,2-28.0,3-27.0,4-24.0,5-26.0,6-24.0,7-24.0
Sat May 17 14:16:23 CEST 2025
61336  F: 136
63547  F: 119
65674  F: 112
63169  F: 12
59241  F: 77
72884  F: 107
63491  F: 76
68331  F: 93
65465  F: 90
64859  F: 85
70315  F: 54
52948  F: 48
62399  F: 46
65533  F: 44
0-46.0,1-38.0,2-68.0,3-47.0,4-47.0,5-51.0,6-45.0,7-42.0
Sat May 17 14:16:53 CEST 2025
61619  F: 136
63823  F: 119
66090  F: 112
63695  F: 12
59248  F: 77
73020  F: 107
63491  F: 76
68516  F: 93
65745  F: 90
64885  F: 85
70438  F: 54
53491  F: 48
62399  F: 46
65543  F: 44
0-36.0,1-37.0,2-39.0,3-36.0,4-46.0,5-37.0,6-39.0,7-33.0
Sat May 17 14:17:24 CEST 2025
61841  F: 136
64095  F: 119
66485  F: 112
63947  F: 12
59264  F: 77
73021  F: 107
63640  F: 76
68795  F: 93
65912  F: 90
64907  F: 85
70475  F: 54
53756  F: 48
62547  F: 46
65569  F: 44
0-35.0,1-38.0,2-36.0,3-36.0,4-31.0,5-35.0,6-31.0,7-31.0
Sat May 17 14:17:54 CEST 2025
62148  F: 136
64373  F: 119
66487  F: 112
63978  F: 12
59264  F: 77
73026  F: 107
63835  F: 76
69155  F: 93
66179  F: 90
64913  F: 85
71134  F: 54
54042  F: 48
62774  F: 46
66535  F: 44
0-33.0,1-29.0,2-38.0,3-33.0,4-34.0,5-35.0,6-32.0,7-33.0
Sat May 17 14:18:25 CEST 2025
62444  F: 136
64515  F: 119
67171  F: 112
64159  F: 12
59264  F: 77
73038  F: 107
63885  F: 76
69427  F: 93
66185  F: 90
65993  F: 85
71413  F: 54
54320  F: 48
62997  F: 46
66836  F: 44
0-34.0,1-31.0,2-37.0,3-39.0,4-34.0,5-35.0,6-28.0,7-32.0
Sat May 17 14:18:57 CEST 2025
62704  F: 136
64839  F: 119
67264  F: 112
64159  F: 12
59264  F: 77
73063  F: 107
64477  F: 76
69661  F: 93
66198  F: 90
66279  F: 85
71499  F: 54
54608  F: 48
63373  F: 46
66937  F: 44
0-38.0,1-36.0,2-48.0,3-39.0,4-41.0,5-50.0,6-37.0,7-38.0
Sat May 17 14:19:27 CEST 2025
63006  F: 136
65187  F: 119
67298  F: 112
64159  F: 12
59415  F: 77
73204  F: 107
64702  F: 76
69686  F: 93
66226  F: 90
66462  F: 85
71529  F: 54
54827  F: 48
63660  F: 46
67343  F: 44
0-43.0,1-39.0,2-49.0,3-48.0,4-43.0,5-48.0,6-36.0,7-40.0
Sat May 17 14:19:58 CEST 2025
63281  F: 136
65413  F: 119
67299  F: 112
64159  F: 12
59638  F: 77
74698  F: 107
64829  F: 76
69701  F: 93
67376  F: 90
66476  F: 85
72227  F: 54
55119  F: 48
63922  F: 46
67432  F: 44
0-41.0,1-39.0,2-47.0,3-51.0,4-43.0,5-44.0,6-46.0,7-37.0
Sat May 17 14:20:29 CEST 2025
63558  F: 136
65699  F: 119
67547  F: 112
64284  F: 12
59698  F: 77
74717  F: 107
64829  F: 76
69701  F: 93
67484  F: 90
66476  F: 85
72422  F: 54
55232  F: 48
64173  F: 46
67723  F: 44
0-47.0,1-55.0,2-57.0,3-50.0,4-65.0,5-51.0,6-37.0,7-41.0
Sat May 17 14:20:59 CEST 2025
63728  F: 136
65710  F: 119
68545  F: 112
64457  F: 12
59819  F: 77
74722  F: 107
65540  F: 76
69701  F: 93
67908  F: 90
66501  F: 85
72806  F: 54
55399  F: 48
64458  F: 46
68139  F: 44
0-44.0,1-37.0,2-50.0,3-46.0,4-44.0,5-45.0,6-39.0,7-37.0
Sat May 17 14:21:30 CEST 2025
64099  F: 136
65710  F: 119
68723  F: 112
64824  F: 12
60446  F: 77
74722  F: 107
65825  F: 76
69909  F: 93
67911  F: 90
67572  F: 85
73006  F: 54
55417  F: 48
64653  F: 46
68490  F: 44
0-41.0,1-41.0,2-48.0,3-42.0,4-40.0,5-42.0,6-36.0,7-37.0
Sat May 17 14:22:00 CEST 2025
64251  F: 136
65725  F: 119
68768  F: 112
65113  F: 12
60628  F: 77
74760  F: 107
65922  F: 76
70130  F: 93
68091  F: 90
67727  F: 85
73299  F: 54
56197  F: 48
64653  F: 46
68771  F: 44
0-44.0,1-35.0,2-49.0,3-44.0,4-42.0,5-47.0,6-37.0,7-40.0
Sat May 17 14:22:31 CEST 2025
64602  F: 136
65725  F: 119
68768  F: 112
65320  F: 12
61044  F: 77
74760  F: 107
66399  F: 76
70354  F: 93
68662  F: 90
67727  F: 85
73340  F: 54
56528  F: 48
64653  F: 46
68905  F: 44
0-44.0,1-37.0,2-46.0,3-46.0,4-36.0,5-42.0,6-30.0,7-34.0
Sat May 17 14:23:02 CEST 2025
64894  F: 136
65725  F: 119
69656  F: 112
65606  F: 12
61054  F: 77
74760  F: 107
66679  F: 76
70360  F: 93
68691  F: 90
67743  F: 85
73897  F: 54
56695  F: 48
64668  F: 46
68927  F: 44
0-40.0,1-38.0,2-42.0,3-40.0,4-37.0,5-39.0,6-42.0,7-35.0
Sat May 17 14:23:32 CEST 2025
65210  F: 136
65914  F: 119
69712  F: 112
65635  F: 12
61073  F: 77
74797  F: 107
66956  F: 76
71014  F: 93
69344  F: 90
67744  F: 85
74177  F: 54
56740  F: 48
64668  F: 46
69446  F: 44
0-38.0,1-37.0,2-46.0,3-39.0,4-41.0,5-44.0,6-33.0,7-39.0
Sat May 17 14:24:03 CEST 2025
65450  F: 136
66128  F: 119
70185  F: 112
65653  F: 12
61073  F: 77
74823  F: 107
67232  F: 76
71245  F: 93
69597  F: 90
67753  F: 85
74454  F: 54
57320  F: 48
64668  F: 46
69481  F: 44
0-46.0,1-39.0,2-52.0,3-48.0,4-42.0,5-53.0,6-37.0,7-40.0
Sat May 17 14:24:33 CEST 2025
65492  F: 136
66245  F: 119
70489  F: 112
65663  F: 12
61073  F: 77
75415  F: 107
67507  F: 76
71514  F: 93
69803  F: 90
69252  F: 85
74705  F: 54
57525  F: 48
64708  F: 46
70155  F: 44
0-45.0,1-42.0,2-51.0,3-47.0,4-42.0,5-50.0,6-39.0,7-53.0
Sat May 17 14:25:05 CEST 2025
65532  F: 136
66680  F: 119
70603  F: 112
66728  F: 12
61073  F: 77
75638  F: 107
67783  F: 76
71830  F: 93
70172  F: 90
69292  F: 85
74840  F: 54
57821  F: 48
64736  F: 46
70415  F: 44
0-25.0,1-24.0,2-25.0,3-25.0,4-22.0,5-24.0,6-23.0,7-23.0
Sat May 17 14:25:38 CEST 2025
66146  F: 136
66963  F: 119
70909  F: 112
67041  F: 12
61280  F: 77
76065  F: 107
67875  F: 76
72136  F: 93
70444  F: 90
69676  F: 85
74866  F: 54
58171  F: 48
64742  F: 46
70640  F: 44
0-43.0,1-36.0,2-49.0,3-46.0,4-41.0,5-48.0,6-34.0,7-41.0
Sat May 17 14:26:09 CEST 2025
66618  F: 136
67322  F: 119
71299  F: 112
67247  F: 12
61559  F: 77
76382  F: 107
67886  F: 76
72415  F: 93
70587  F: 90
69703  F: 85
74880  F: 54
58378  F: 48
64742  F: 46
70690  F: 44
0-73.0,1-55.0,2-87.0,3-88.0,4-88.0,5-92.0,6-50.0,7-74.0
Sat May 17 14:26:40 CEST 2025
66893  F: 136
67464  F: 119
71627  F: 112
67637  F: 12
61837  F: 77
76687  F: 107
67892  F: 76
72702  F: 93
70697  F: 90
69703  F: 85
75821  F: 54
58776  F: 48
64762  F: 46
70691  F: 44
0-41.0,1-34.0,2-42.0,3-41.0,4-38.0,5-42.0,6-39.0,7-35.0
Sat May 17 14:27:12 CEST 2025
67172  F: 136
67799  F: 119
71828  F: 112
67858  F: 12
62159  F: 77
76966  F: 107
67892  F: 76
72973  F: 93
71205  F: 90
69718  F: 85
76127  F: 54
59046  F: 48
64762  F: 46
70760  F: 44
0-42.0,1-40.0,2-49.0,3-67.0,4-47.0,5-47.0,6-32.0,7-35.0
Sat May 17 14:27:43 CEST 2025
67264  F: 136
68132  F: 119
72195  F: 112
67882  F: 12
62310  F: 77
77253  F: 107
67892  F: 76
73270  F: 93
71600  F: 90
69718  F: 85
76350  F: 54
59329  F: 48
64762  F: 46
70760  F: 44
0-36.0,1-36.0,2-37.0,3-37.0,4-32.0,5-35.0,6-29.0,7-33.0
Sat May 17 14:28:15 CEST 2025
67264  F: 136
68274  F: 119
72357  F: 112
67885  F: 12
62645  F: 77
77388  F: 107
67892  F: 76
73382  F: 93
71836  F: 90
69760  F: 85
76626  F: 54
59547  F: 48
64762  F: 46
70819  F: 44
0-52.0,1-43.0,2-53.0,3-51.0,4-54.0,5-50.0,6-36.0,7-43.0
Sat May 17 14:28:45 CEST 2025
67264  F: 136
68574  F: 119
72361  F: 112
67886  F: 12
62991  F: 77
77435  F: 107
67892  F: 76
73446  F: 93
72005  F: 90
70009  F: 85
76868  F: 54
59563  F: 48
65039  F: 46
71111  F: 44
0-51.0,1-40.0,2-58.0,3-59.0,4-61.0,5-54.0,6-41.0,7-41.0
Sat May 17 14:29:22 CEST 2025
67265  F: 136
68791  F: 119
72394  F: 112
67887  F: 12
63224  F: 77
77810  F: 107
68538  F: 76
73451  F: 93
72287  F: 90
70204  F: 85
76926  F: 54
59571  F: 48
65412  F: 46
71414  F: 44
0-51.0,1-43.0,2-59.0,3-53.0,4-48.0,5-55.0,6-36.0,7-44.0
Sat May 17 14:29:53 CEST 2025
67310  F: 136
69302  F: 119
72397  F: 112
67887  F: 12
63285  F: 77
78417  F: 107
68740  F: 76
74411  F: 93
72532  F: 90
70253  F: 85
77520  F: 54
60449  F: 48
65419  F: 46
71663  F: 44
0-41.0,1-34.0,2-47.0,3-41.0,4-38.0,5-52.0,6-36.0,7-37.0
Sat May 17 14:30:35 CEST 2025
67691  F: 136
69418  F: 119
72427  F: 112
67939  F: 12
63306  F: 77
78731  F: 107
68972  F: 76
74677  F: 93
72532  F: 90
70983  F: 85
77604  F: 54
60518  F: 48
65504  F: 46
71919  F: 44
0-36.0,1-33.0,2-41.0,3-38.0,4-34.0,5-38.0,6-30.0,7-32.0
Sat May 17 14:31:08 CEST 2025
68279  F: 136
69998  F: 119
72789  F: 112
68188  F: 12
63327  F: 77
79067  F: 107
69297  F: 76
74969  F: 93
72602  F: 90
71220  F: 85
78280  F: 54
61167  F: 48
65907  F: 46
72392  F: 44
0-49.0,1-39.0,2-53.0,3-58.0,4-48.0,5-51.0,6-34.0,7-40.0
Sat May 17 14:31:40 CEST 2025
68348  F: 136
70149  F: 119
72984  F: 112
68540  F: 12
63440  F: 77
79384  F: 107
69333  F: 76
75050  F: 93
72630  F: 90
71394  F: 85
78449  F: 54
61367  F: 48
65907  F: 46
72573  F: 44
0-55.0,1-46.0,2-71.0,3-57.0,4-67.0,5-62.0,6-47.0,7-49.0
Sat May 17 14:32:14 CEST 2025
68727  F: 136
70360  F: 119
73066  F: 112
68753  F: 12
63529  F: 77
79443  F: 107
69346  F: 76
75316  F: 93
72774  F: 90
71443  F: 85
78516  F: 54
61738  F: 48
65947  F: 46
72823  F: 44
0-44.0,1-36.0,2-50.0,3-44.0,4-41.0,5-46.0,6-33.0,7-38.0
Sat May 17 14:32:47 CEST 2025
68780  F: 136
70408  F: 119
73214  F: 112
69160  F: 12
63661  F: 77
79467  F: 107
69390  F: 76
75316  F: 93
72927  F: 90
71515  F: 85
78540  F: 54
62008  F: 48
66144  F: 46
73004  F: 44
0-33.0,1-31.0,2-36.0,3-34.0,4-32.0,5-35.0,6-30.0,7-30.0
Sat May 17 14:33:20 CEST 2025
68780  F: 136
70432  F: 119
73584  F: 112
69432  F: 12
63738  F: 77
79606  F: 107
69507  F: 76
75430  F: 93
73123  F: 90
71712  F: 85
78766  F: 54
62370  F: 48
66247  F: 46
73057  F: 44
0-27.0,1-27.0,2-30.0,3-28.0,4-26.0,5-28.0,6-26.0,7-26.0
Sat May 17 14:33:51 CEST 2025
69017  F: 136
71182  F: 119
73584  F: 112
69824  F: 12
64130  F: 77
80041  F: 107
69507  F: 76
75679  F: 93
73394  F: 90
71833  F: 85
79100  F: 54
62498  F: 48
66831  F: 46
73824  F: 44
0-46.0,1-38.0,2-53.0,3-47.0,4-45.0,5-49.0,6-49.0,7-42.0
Sat May 17 14:34:22 CEST 2025
69679  F: 136
71182  F: 119
73613  F: 112
69994  F: 12
64794  F: 77
80251  F: 107
69507  F: 76
75679  F: 93
73394  F: 90
71833  F: 85
79101  F: 54
62566  F: 48
67055  F: 46
73926  F: 44
0-46.0,1-50.0,2-50.0,3-47.0,4-45.0,5-47.0,6-36.0,7-40.0
Sat May 17 14:34:53 CEST 2025
70071  F: 136
71182  F: 119
73910  F: 112
70368  F: 12
65968  F: 77
81122  F: 107
69507  F: 76
75679  F: 93
73394  F: 90
71833  F: 85
79101  F: 54
63149  F: 48
67071  F: 46
74363  F: 44
0-55.0,1-47.0,2-65.0,3-57.0,4-54.0,5-69.0,6-46.0,7-48.0
Sat May 17 14:35:24 CEST 2025
70428  F: 136
71228  F: 119
73957  F: 112
70552  F: 12
65968  F: 77
81234  F: 107
69576  F: 76
75786  F: 93
73394  F: 90
71833  F: 85
79101  F: 54
63329  F: 48
67124  F: 46
74455  F: 44
0-52.0,1-46.0,2-62.0,3-57.0,4-52.0,5-60.0,6-38.0,7-48.0
Sat May 17 14:35:55 CEST 2025
70606  F: 136
71278  F: 119
74487  F: 112
70573  F: 12
66017  F: 77
81266  F: 107
69758  F: 76
76040  F: 93
73394  F: 90
71833  F: 85
79132  F: 54
63687  F: 48
67794  F: 46
74516  F: 44
0-47.0,1-42.0,2-55.0,3-51.0,4-65.0,5-51.0,6-38.0,7-42.0
Sat May 17 14:36:36 CEST 2025
70607  F: 136
71282  F: 119
74492  F: 112
70576  F: 12
66122  F: 77
81275  F: 107
69770  F: 76
76194  F: 93
73425  F: 90
71863  F: 85
79716  F: 54
63781  F: 48
68048  F: 46
74617  F: 44
0-25.0,1-26.0,2-25.0,3-26.0,4-30.0,5-24.0,6-23.0,7-24.0
Sat May 17 14:37:11 CEST 2025
70645  F: 136
71435  F: 119
74756  F: 112
70592  F: 12
66167  F: 77
81277  F: 107
69811  F: 76
76377  F: 93
73927  F: 90
72181  F: 85
79862  F: 54
63834  F: 48
68099  F: 46
74786  F: 44
0-34.0,1-32.0,2-38.0,3-40.0,4-32.0,5-35.0,6-30.0,7-31.0
Sat May 17 14:37:45 CEST 2025
70647  F: 136
71459  F: 119
74780  F: 112
70593  F: 12
66167  F: 77
81277  F: 107
69812  F: 76
76725  F: 93
74036  F: 90
72225  F: 85
79871  F: 54
63841  F: 48
68108  F: 46
74890  F: 44
0-28.0,1-28.0,2-31.0,3-29.0,4-27.0,5-29.0,6-25.0,7-26.0
Sat May 17 14:38:25 CEST 2025
70659  F: 136
71459  F: 119
74780  F: 112
70600  F: 12
66199  F: 77
81301  F: 107
69840  F: 76
76967  F: 93
74096  F: 90
72250  F: 85
79909  F: 54
63880  F: 48
68145  F: 46
75071  F: 44
0-37.0,1-33.0,2-39.0,3-36.0,4-41.0,5-36.0,6-29.0,7-32.0
Sat May 17 14:38:59 CEST 2025
70659  F: 136
71473  F: 119
74794  F: 112
70620  F: 12
66211  F: 77
81318  F: 107
69857  F: 76
76979  F: 93
74105  F: 90
72266  F: 85
79928  F: 54
63899  F: 48
68164  F: 46
75071  F: 44
0-24.0,1-24.0,2-24.0,3-24.0,4-22.0,5-23.0,6-23.0,7-22.0
Sat May 17 14:39:37 CEST 2025
70659  F: 136
71505  F: 119
74825  F: 112
70652  F: 12
66456  F: 77
81350  F: 107
69893  F: 76
77015  F: 93
74128  F: 90
72282  F: 85
79960  F: 54
63932  F: 48
68196  F: 46
75071  F: 44
0-35.0,1-37.0,2-37.0,3-34.0,4-31.0,5-34.0,6-28.0,7-30.0
Sat May 17 14:40:17 CEST 2025
70659  F: 136
71530  F: 119
74849  F: 112
70677  F: 12
66483  F: 77
81374  F: 107
69919  F: 76
77040  F: 93
74151  F: 90
72305  F: 85
79983  F: 54
63956  F: 48
68219  F: 46
75072  F: 44
0-30.0,1-29.0,2-33.0,3-31.0,4-32.0,5-31.0,6-27.0,7-28.0
Sat May 17 14:45:53 CEST 2025
70670  F: 136
71545  F: 119
74863  F: 112
70691  F: 12
66497  F: 77
81387  F: 107
69934  F: 76
77042  F: 93
74179  F: 90
72349  F: 85
80033  F: 54
64050  F: 48
68318  F: 46
75204  F: 44
0-27.0,1-26.0,2-29.0,3-27.0,4-26.0,5-27.0,6-25.0,7-26.0
